<?xml version="1.0" encoding="utf-8"?>
<test-run id="2" testcasecount="199" result="Passed" total="199" passed="199" failed="0" inconclusive="0" skipped="0" asserts="0" engine-version="3.5.0.0" clr-version="4.0.30319.42000" start-time="2026-04-05 20:42:16Z" end-time="2026-04-05 20:42:17Z" duration="0,9149344">
  <test-suite type="TestSuite" id="1000" name="Azul" fullname="Azul" runstate="Runnable" testcasecount="199" result="Passed" start-time="2026-04-05 20:42:16Z" end-time="2026-04-05 20:42:17Z" duration="0.914934" total="199" passed="199" failed="0" inconclusive="0" skipped="0" asserts="0">
    <properties>
      <property name="platform" value="EditMode" />
    </properties>
    <test-suite type="Assembly" id="1218" name="AzulTests.dll" fullname="C:/Users/balas/Azul/Library/ScriptAssemblies/AzulTests.dll" runstate="Runnable" testcasecount="199" result="Passed" start-time="2026-04-05 20:42:16Z" end-time="2026-04-05 20:42:17Z" duration="0.865007" total="199" passed="199" failed="0" inconclusive="0" skipped="0" asserts="0">
      <properties>
        <property name="_PID" value="21608" />
        <property name="_APPDOMAIN" value="Unity Child Domain" />
        <property name="platform" value="EditMode" />
        <property name="EditorOnly" value="True" />
      </properties>
      <test-suite type="TestSuite" id="1219" name="AzulTests" fullname="AzulTests" runstate="Runnable" testcasecount="199" result="Passed" start-time="2026-04-05 20:42:16Z" end-time="2026-04-05 20:42:17Z" duration="0.862813" total="199" passed="199" failed="0" inconclusive="0" skipped="0" asserts="0">
        <properties />
        <test-suite type="TestFixture" id="1028" name="AzulEngineApplyTakeTilesTests" fullname="AzulTests.AzulEngineApplyTakeTilesTests" classname="AzulTests.AzulEngineApplyTakeTilesTests" runstate="Runnable" testcasecount="15" result="Passed" start-time="2026-04-05 20:42:16Z" end-time="2026-04-05 20:42:16Z" duration="0.650646" total="15" passed="15" failed="0" inconclusive="0" skipped="0" asserts="0">
          <properties />
          <test-case id="1031" name="ApplyTakeTiles_ColorNotPresentInFactory_ReturnsFalse" fullname="AzulTests.AzulEngineApplyTakeTilesTests.ApplyTakeTiles_ColorNotPresentInFactory_ReturnsFalse" methodname="ApplyTakeTiles_ColorNotPresentInFactory_ReturnsFalse" classname="AzulTests.AzulEngineApplyTakeTilesTests" runstate="Runnable" seed="96947681" result="Passed" start-time="2026-04-05 20:42:16Z" end-time="2026-04-05 20:42:16Z" duration="0.191763" asserts="0">
            <properties>
              <property name="retryIteration" value="0" />
              <property name="repeatIteration" value="0" />
            </properties>
          </test-case>
          <test-case id="1042" name="ApplyTakeTiles_FloorOverflow_ExcessGoToLidNotFloor" fullname="AzulTests.AzulEngineApplyTakeTilesTests.ApplyTakeTiles_FloorOverflow_ExcessGoToLidNotFloor" methodname="ApplyTakeTiles_FloorOverflow_ExcessGoToLidNotFloor" classname="AzulTests.AzulEngineApplyTakeTilesTests" runstate="Runnable" seed="1712302358" result="Passed" start-time="2026-04-05 20:42:16Z" end-time="2026-04-05 20:42:16Z" duration="0.025533" asserts="0">
            <properties>
              <property name="retryIteration" value="0" />
              <property name="repeatIteration" value="0" />
            </properties>
          </test-case>
          <test-case id="1039" name="ApplyTakeTiles_FromCenter_FirstPickTakesFirstPlayerToken" fullname="AzulTests.AzulEngineApplyTakeTilesTests.ApplyTakeTiles_FromCenter_FirstPickTakesFirstPlayerToken" methodname="ApplyTakeTiles_FromCenter_FirstPickTakesFirstPlayerToken" classname="AzulTests.AzulEngineApplyTakeTilesTests" runstate="Runnable" seed="1852538764" result="Passed" start-time="2026-04-05 20:42:16Z" end-time="2026-04-05 20:42:16Z" duration="0.009067" asserts="0">
            <properties>
              <property name="retryIteration" value="0" />
              <property name="repeatIteration" value="0" />
            </properties>
          </test-case>
          <test-case id="1040" name="ApplyTakeTiles_FromCenter_TokenOnlyGrantedOnce" fullname="AzulTests.AzulEngineApplyTakeTilesTests.ApplyTakeTiles_FromCenter_TokenOnlyGrantedOnce" methodname="ApplyTakeTiles_FromCenter_TokenOnlyGrantedOnce" classname="AzulTests.AzulEngineApplyTakeTilesTests" runstate="Runnable" seed="1633062883" result="Passed" start-time="2026-04-05 20:42:16Z" end-time="2026-04-05 20:42:16Z" duration="0.001137" asserts="0">
            <properties>
              <property name="retryIteration" value="0" />
              <property name="repeatIteration" value="0" />
            </properties>
          </test-case>
          <test-case id="1034" name="ApplyTakeTiles_FromFactory_ChoseColorRemovedFromFactory" fullname="AzulTests.AzulEngineApplyTakeTilesTests.ApplyTakeTiles_FromFactory_ChoseColorRemovedFromFactory" methodname="ApplyTakeTiles_FromFactory_ChoseColorRemovedFromFactory" classname="AzulTests.AzulEngineApplyTakeTilesTests" runstate="Runnable" seed="1555886192" result="Passed" start-time="2026-04-05 20:42:16Z" end-time="2026-04-05 20:42:16Z" duration="0.000525" asserts="0">
            <properties>
              <property name="retryIteration" value="0" />
              <property name="repeatIteration" value="0" />
            </properties>
          </test-case>
          <test-case id="1036" name="ApplyTakeTiles_FromFactory_FactoryIsEmptyAfterward" fullname="AzulTests.AzulEngineApplyTakeTilesTests.ApplyTakeTiles_FromFactory_FactoryIsEmptyAfterward" methodname="ApplyTakeTiles_FromFactory_FactoryIsEmptyAfterward" classname="AzulTests.AzulEngineApplyTakeTilesTests" runstate="Runnable" seed="36780375" result="Passed" start-time="2026-04-05 20:42:16Z" end-time="2026-04-05 20:42:16Z" duration="0.000491" asserts="0">
            <properties>
              <property name="retryIteration" value="0" />
              <property name="repeatIteration" value="0" />
            </properties>
          </test-case>
          <test-case id="1035" name="ApplyTakeTiles_FromFactory_LeftoversMovedToCenter" fullname="AzulTests.AzulEngineApplyTakeTilesTests.ApplyTakeTiles_FromFactory_LeftoversMovedToCenter" methodname="ApplyTakeTiles_FromFactory_LeftoversMovedToCenter" classname="AzulTests.AzulEngineApplyTakeTilesTests" runstate="Runnable" seed="706078031" result="Passed" start-time="2026-04-05 20:42:16Z" end-time="2026-04-05 20:42:16Z" duration="0.000653" asserts="0">
            <properties>
              <property name="retryIteration" value="0" />
              <property name="repeatIteration" value="0" />
            </properties>
          </test-case>
          <test-case id="1037" name="ApplyTakeTiles_FromFactory_TilesPlacedInPatternLine" fullname="AzulTests.AzulEngineApplyTakeTilesTests.ApplyTakeTiles_FromFactory_TilesPlacedInPatternLine" methodname="ApplyTakeTiles_FromFactory_TilesPlacedInPatternLine" classname="AzulTests.AzulEngineApplyTakeTilesTests" runstate="Runnable" seed="2111759179" result="Passed" start-time="2026-04-05 20:42:16Z" end-time="2026-04-05 20:42:16Z" duration="0.000567" asserts="0">
            <properties>
              <property name="retryIteration" value="0" />
              <property name="repeatIteration" value="0" />
            </properties>
          </test-case>
          <test-case id="1038" name="ApplyTakeTiles_FromFactory_TurnAdvancesToNextPlayer" fullname="AzulTests.AzulEngineApplyTakeTilesTests.ApplyTakeTiles_FromFactory_TurnAdvancesToNextPlayer" methodname="ApplyTakeTiles_FromFactory_TurnAdvancesToNextPlayer" classname="AzulTests.AzulEngineApplyTakeTilesTests" runstate="Runnable" seed="277829534" result="Passed" start-time="2026-04-05 20:42:16Z" end-time="2026-04-05 20:42:16Z" duration="0.000964" asserts="0">
            <properties>
              <property name="retryIteration" value="0" />
              <property name="repeatIteration" value="0" />
            </properties>
          </test-case>
          <test-case id="1043" name="ApplyTakeTiles_MarketBecomesEmpty_PhaseBecomesBoxTiling" fullname="AzulTests.AzulEngineApplyTakeTilesTests.ApplyTakeTiles_MarketBecomesEmpty_PhaseBecomesBoxTiling" methodname="ApplyTakeTiles_MarketBecomesEmpty_PhaseBecomesBoxTiling" classname="AzulTests.AzulEngineApplyTakeTilesTests" runstate="Runnable" seed="996251985" result="Passed" start-time="2026-04-05 20:42:16Z" end-time="2026-04-05 20:42:16Z" duration="0.002603" asserts="0">
            <properties>
              <property name="retryIteration" value="0" />
              <property name="repeatIteration" value="0" />
            </properties>
          </test-case>
          <test-case id="1041" name="ApplyTakeTiles_Overflow_ExcessTilesGoToFloor" fullname="AzulTests.AzulEngineApplyTakeTilesTests.ApplyTakeTiles_Overflow_ExcessTilesGoToFloor" methodname="ApplyTakeTiles_Overflow_ExcessTilesGoToFloor" classname="AzulTests.AzulEngineApplyTakeTilesTests" runstate="Runnable" seed="1669826270" result="Passed" start-time="2026-04-05 20:42:16Z" end-time="2026-04-05 20:42:16Z" duration="0.000498" asserts="0">
            <properties>
              <property name="retryIteration" value="0" />
              <property name="repeatIteration" value="0" />
            </properties>
          </test-case>
          <test-case id="1033" name="ApplyTakeTiles_PatternRowHasDifferentColor_ReturnsFalse" fullname="AzulTests.AzulEngineApplyTakeTilesTests.ApplyTakeTiles_PatternRowHasDifferentColor_ReturnsFalse" methodname="ApplyTakeTiles_PatternRowHasDifferentColor_ReturnsFalse" classname="AzulTests.AzulEngineApplyTakeTilesTests" runstate="Runnable" seed="466642618" result="Passed" start-time="2026-04-05 20:42:16Z" end-time="2026-04-05 20:42:16Z" duration="0.000376" asserts="0">
            <properties>
              <property name="retryIteration" value="0" />
              <property name="repeatIteration" value="0" />
            </properties>
          </test-case>
          <test-case id="1032" name="ApplyTakeTiles_RowAlreadyHasThatColor_ReturnsFalse" fullname="AzulTests.AzulEngineApplyTakeTilesTests.ApplyTakeTiles_RowAlreadyHasThatColor_ReturnsFalse" methodname="ApplyTakeTiles_RowAlreadyHasThatColor_ReturnsFalse" classname="AzulTests.AzulEngineApplyTakeTilesTests" runstate="Runnable" seed="1663692072" result="Passed" start-time="2026-04-05 20:42:16Z" end-time="2026-04-05 20:42:16Z" duration="0.000346" asserts="0">
            <properties>
              <property name="retryIteration" value="0" />
              <property name="repeatIteration" value="0" />
            </properties>
          </test-case>
          <test-case id="1030" name="ApplyTakeTiles_WrongActor_ReturnsFalse" fullname="AzulTests.AzulEngineApplyTakeTilesTests.ApplyTakeTiles_WrongActor_ReturnsFalse" methodname="ApplyTakeTiles_WrongActor_ReturnsFalse" classname="AzulTests.AzulEngineApplyTakeTilesTests" runstate="Runnable" seed="253322835" result="Passed" start-time="2026-04-05 20:42:16Z" end-time="2026-04-05 20:42:16Z" duration="0.016848" asserts="0">
            <properties>
              <property name="retryIteration" value="0" />
              <property name="repeatIteration" value="0" />
            </properties>
          </test-case>
          <test-case id="1029" name="ApplyTakeTiles_WrongPhase_ReturnsFalse" fullname="AzulTests.AzulEngineApplyTakeTilesTests.ApplyTakeTiles_WrongPhase_ReturnsFalse" methodname="ApplyTakeTiles_WrongPhase_ReturnsFalse" classname="AzulTests.AzulEngineApplyTakeTilesTests" runstate="Runnable" seed="1817058272" result="Passed" start-time="2026-04-05 20:42:16Z" end-time="2026-04-05 20:42:16Z" duration="0.007919" asserts="0">
            <properties>
              <property name="retryIteration" value="0" />
              <property name="repeatIteration" value="0" />
            </properties>
          </test-case>
        </test-suite>
        <test-suite type="TestFixture" id="1044" name="AzulEngineExecuteBoxTilingTests" fullname="AzulTests.AzulEngineExecuteBoxTilingTests" classname="AzulTests.AzulEngineExecuteBoxTilingTests" runstate="Runnable" testcasecount="15" result="Passed" start-time="2026-04-05 20:42:16Z" end-time="2026-04-05 20:42:16Z" duration="0.019121" total="15" passed="15" failed="0" inconclusive="0" skipped="0" asserts="0">
          <properties />
          <test-case id="1055" name="ExecuteBoxTiling_CompletedBoxRow_SetsEndTriggeredAndGameOver" fullname="AzulTests.AzulEngineExecuteBoxTilingTests.ExecuteBoxTiling_CompletedBoxRow_SetsEndTriggeredAndGameOver" methodname="ExecuteBoxTiling_CompletedBoxRow_SetsEndTriggeredAndGameOver" classname="AzulTests.AzulEngineExecuteBoxTilingTests" runstate="Runnable" seed="1952715894" result="Passed" start-time="2026-04-05 20:42:16Z" end-time="2026-04-05 20:42:16Z" duration="0.004742" asserts="0">
            <properties>
              <property name="retryIteration" value="0" />
              <property name="repeatIteration" value="0" />
            </properties>
          </test-case>
          <test-case id="1057" name="ExecuteBoxTiling_EndGame_AwardsRowColColorBonuses" fullname="AzulTests.AzulEngineExecuteBoxTilingTests.ExecuteBoxTiling_EndGame_AwardsRowColColorBonuses" methodname="ExecuteBoxTiling_EndGame_AwardsRowColColorBonuses" classname="AzulTests.AzulEngineExecuteBoxTilingTests" runstate="Runnable" seed="1161690538" result="Passed" start-time="2026-04-05 20:42:16Z" end-time="2026-04-05 20:42:16Z" duration="0.000970" asserts="0">
            <properties>
              <property name="retryIteration" value="0" />
              <property name="repeatIteration" value="0" />
            </properties>
          </test-case>
          <test-case id="1054" name="ExecuteBoxTiling_FirstPlayerTokenOnFloor_NotAddedToLid" fullname="AzulTests.AzulEngineExecuteBoxTilingTests.ExecuteBoxTiling_FirstPlayerTokenOnFloor_NotAddedToLid" methodname="ExecuteBoxTiling_FirstPlayerTokenOnFloor_NotAddedToLid" classname="AzulTests.AzulEngineExecuteBoxTilingTests" runstate="Runnable" seed="639513114" result="Passed" start-time="2026-04-05 20:42:16Z" end-time="2026-04-05 20:42:16Z" duration="0.000549" asserts="0">
            <properties>
              <property name="retryIteration" value="0" />
              <property name="repeatIteration" value="0" />
            </properties>
          </test-case>
          <test-case id="1052" name="ExecuteBoxTiling_FloorClearedAfterPenalty" fullname="AzulTests.AzulEngineExecuteBoxTilingTests.ExecuteBoxTiling_FloorClearedAfterPenalty" methodname="ExecuteBoxTiling_FloorClearedAfterPenalty" classname="AzulTests.AzulEngineExecuteBoxTilingTests" runstate="Runnable" seed="1866416600" result="Passed" start-time="2026-04-05 20:42:16Z" end-time="2026-04-05 20:42:16Z" duration="0.000432" asserts="0">
            <properties>
              <property name="retryIteration" value="0" />
              <property name="repeatIteration" value="0" />
            </properties>
          </test-case>
          <test-case id="1050" name="ExecuteBoxTiling_FloorPenaltyApplied_ScoreReducedCorrectly" fullname="AzulTests.AzulEngineExecuteBoxTilingTests.ExecuteBoxTiling_FloorPenaltyApplied_ScoreReducedCorrectly" methodname="ExecuteBoxTiling_FloorPenaltyApplied_ScoreReducedCorrectly" classname="AzulTests.AzulEngineExecuteBoxTilingTests" runstate="Runnable" seed="2049832143" result="Passed" start-time="2026-04-05 20:42:16Z" end-time="2026-04-05 20:42:16Z" duration="0.000383" asserts="0">
            <properties>
              <property name="retryIteration" value="0" />
              <property name="repeatIteration" value="0" />
            </properties>
          </test-case>
          <test-case id="1051" name="ExecuteBoxTiling_FloorPenaltyNeverBelowZero_ClampedAt0" fullname="AzulTests.AzulEngineExecuteBoxTilingTests.ExecuteBoxTiling_FloorPenaltyNeverBelowZero_ClampedAt0" methodname="ExecuteBoxTiling_FloorPenaltyNeverBelowZero_ClampedAt0" classname="AzulTests.AzulEngineExecuteBoxTilingTests" runstate="Runnable" seed="340006003" result="Passed" start-time="2026-04-05 20:42:16Z" end-time="2026-04-05 20:42:16Z" duration="0.000456" asserts="0">
            <properties>
              <property name="retryIteration" value="0" />
              <property name="repeatIteration" value="0" />
            </properties>
          </test-case>
          <test-case id="1053" name="ExecuteBoxTiling_FloorTilesReturnedToLid" fullname="AzulTests.AzulEngineExecuteBoxTilingTests.ExecuteBoxTiling_FloorTilesReturnedToLid" methodname="ExecuteBoxTiling_FloorTilesReturnedToLid" classname="AzulTests.AzulEngineExecuteBoxTilingTests" runstate="Runnable" seed="502650609" result="Passed" start-time="2026-04-05 20:42:16Z" end-time="2026-04-05 20:42:16Z" duration="0.000370" asserts="0">
            <properties>
              <property name="retryIteration" value="0" />
              <property name="repeatIteration" value="0" />
            </properties>
          </test-case>
          <test-case id="1058" name="ExecuteBoxTiling_FourPlayers_AllPlayersGetFloorPenalty" fullname="AzulTests.AzulEngineExecuteBoxTilingTests.ExecuteBoxTiling_FourPlayers_AllPlayersGetFloorPenalty" methodname="ExecuteBoxTiling_FourPlayers_AllPlayersGetFloorPenalty" classname="AzulTests.AzulEngineExecuteBoxTilingTests" runstate="Runnable" seed="1164830105" result="Passed" start-time="2026-04-05 20:42:16Z" end-time="2026-04-05 20:42:16Z" duration="0.000436" asserts="0">
            <properties>
              <property name="retryIteration" value="0" />
              <property name="repeatIteration" value="0" />
            </properties>
          </test-case>
          <test-case id="1046" name="ExecuteBoxTiling_FullPatternRow_PatternLineClearedAfterPlacement" fullname="AzulTests.AzulEngineExecuteBoxTilingTests.ExecuteBoxTiling_FullPatternRow_PatternLineClearedAfterPlacement" methodname="ExecuteBoxTiling_FullPatternRow_PatternLineClearedAfterPlacement" classname="AzulTests.AzulEngineExecuteBoxTilingTests" runstate="Runnable" seed="441490854" result="Passed" start-time="2026-04-05 20:42:16Z" end-time="2026-04-05 20:42:16Z" duration="0.000708" asserts="0">
            <properties>
              <property name="retryIteration" value="0" />
              <property name="repeatIteration" value="0" />
            </properties>
          </test-case>
          <test-case id="1045" name="ExecuteBoxTiling_FullPatternRow_PlacedInBoxAtCorrectColumn" fullname="AzulTests.AzulEngineExecuteBoxTilingTests.ExecuteBoxTiling_FullPatternRow_PlacedInBoxAtCorrectColumn" methodname="ExecuteBoxTiling_FullPatternRow_PlacedInBoxAtCorrectColumn" classname="AzulTests.AzulEngineExecuteBoxTilingTests" runstate="Runnable" seed="1086375537" result="Passed" start-time="2026-04-05 20:42:16Z" end-time="2026-04-05 20:42:16Z" duration="0.000387" asserts="0">
            <properties>
              <property name="retryIteration" value="0" />
              <property name="repeatIteration" value="0" />
            </properties>
          </test-case>
          <test-case id="1049" name="ExecuteBoxTiling_FullRow_ExtrasTilesMovedToLid" fullname="AzulTests.AzulEngineExecuteBoxTilingTests.ExecuteBoxTiling_FullRow_ExtrasTilesMovedToLid" methodname="ExecuteBoxTiling_FullRow_ExtrasTilesMovedToLid" classname="AzulTests.AzulEngineExecuteBoxTilingTests" runstate="Runnable" seed="2048904132" result="Passed" start-time="2026-04-05 20:42:16Z" end-time="2026-04-05 20:42:16Z" duration="0.000323" asserts="0">
            <properties>
              <property name="retryIteration" value="0" />
              <property name="repeatIteration" value="0" />
            </properties>
          </test-case>
          <test-case id="1048" name="ExecuteBoxTiling_FullRow_ScoreIncremented" fullname="AzulTests.AzulEngineExecuteBoxTilingTests.ExecuteBoxTiling_FullRow_ScoreIncremented" methodname="ExecuteBoxTiling_FullRow_ScoreIncremented" classname="AzulTests.AzulEngineExecuteBoxTilingTests" runstate="Runnable" seed="523520512" result="Passed" start-time="2026-04-05 20:42:16Z" end-time="2026-04-05 20:42:16Z" duration="0.000358" asserts="0">
            <properties>
              <property name="retryIteration" value="0" />
              <property name="repeatIteration" value="0" />
            </properties>
          </test-case>
          <test-case id="1059" name="ExecuteBoxTiling_IgnoredWhenNotInBoxTilingPhase" fullname="AzulTests.AzulEngineExecuteBoxTilingTests.ExecuteBoxTiling_IgnoredWhenNotInBoxTilingPhase" methodname="ExecuteBoxTiling_IgnoredWhenNotInBoxTilingPhase" classname="AzulTests.AzulEngineExecuteBoxTilingTests" runstate="Runnable" seed="325701855" result="Passed" start-time="2026-04-05 20:42:16Z" end-time="2026-04-05 20:42:16Z" duration="0.000335" asserts="0">
            <properties>
              <property name="retryIteration" value="0" />
              <property name="repeatIteration" value="0" />
            </properties>
          </test-case>
          <test-case id="1056" name="ExecuteBoxTiling_NoCompletedRow_PhaseBecomesRefill" fullname="AzulTests.AzulEngineExecuteBoxTilingTests.ExecuteBoxTiling_NoCompletedRow_PhaseBecomesRefill" methodname="ExecuteBoxTiling_NoCompletedRow_PhaseBecomesRefill" classname="AzulTests.AzulEngineExecuteBoxTilingTests" runstate="Runnable" seed="317799937" result="Passed" start-time="2026-04-05 20:42:16Z" end-time="2026-04-05 20:42:16Z" duration="0.000310" asserts="0">
            <properties>
              <property name="retryIteration" value="0" />
              <property name="repeatIteration" value="0" />
            </properties>
          </test-case>
          <test-case id="1047" name="ExecuteBoxTiling_PartialPatternRow_NotMoved" fullname="AzulTests.AzulEngineExecuteBoxTilingTests.ExecuteBoxTiling_PartialPatternRow_NotMoved" methodname="ExecuteBoxTiling_PartialPatternRow_NotMoved" classname="AzulTests.AzulEngineExecuteBoxTilingTests" runstate="Runnable" seed="1190424738" result="Passed" start-time="2026-04-05 20:42:16Z" end-time="2026-04-05 20:42:16Z" duration="0.000638" asserts="0">
            <properties>
              <property name="retryIteration" value="0" />
              <property name="repeatIteration" value="0" />
            </properties>
          </test-case>
        </test-suite>
        <test-suite type="TestFixture" id="1060" name="AzulEngineGrayBoxTests" fullname="AzulTests.AzulEngineGrayBoxTests" classname="AzulTests.AzulEngineGrayBoxTests" runstate="Runnable" testcasecount="16" result="Passed" start-time="2026-04-05 20:42:16Z" end-time="2026-04-05 20:42:16Z" duration="0.016413" total="16" passed="16" failed="0" inconclusive="0" skipped="0" asserts="0">
          <properties />
          <test-case id="1072" name="ApplyPlaceInBox_AllPlayersDone_FloorPenaltiesApplied" fullname="AzulTests.AzulEngineGrayBoxTests.ApplyPlaceInBox_AllPlayersDone_FloorPenaltiesApplied" methodname="ApplyPlaceInBox_AllPlayersDone_FloorPenaltiesApplied" classname="AzulTests.AzulEngineGrayBoxTests" runstate="Runnable" seed="1402533091" result="Passed" start-time="2026-04-05 20:42:16Z" end-time="2026-04-05 20:42:16Z" duration="0.002102" asserts="0">
            <properties>
              <property name="retryIteration" value="0" />
              <property name="repeatIteration" value="0" />
            </properties>
          </test-case>
          <test-case id="1073" name="ApplyPlaceInBox_AllPlayersDone_PhaseTransitionsToRefill" fullname="AzulTests.AzulEngineGrayBoxTests.ApplyPlaceInBox_AllPlayersDone_PhaseTransitionsToRefill" methodname="ApplyPlaceInBox_AllPlayersDone_PhaseTransitionsToRefill" classname="AzulTests.AzulEngineGrayBoxTests" runstate="Runnable" seed="1058253532" result="Passed" start-time="2026-04-05 20:42:16Z" end-time="2026-04-05 20:42:16Z" duration="0.001658" asserts="0">
            <properties>
              <property name="retryIteration" value="0" />
              <property name="repeatIteration" value="0" />
            </properties>
          </test-case>
          <test-case id="1067" name="ApplyPlaceInBox_CellAlreadyOccupied_ReturnsFalse" fullname="AzulTests.AzulEngineGrayBoxTests.ApplyPlaceInBox_CellAlreadyOccupied_ReturnsFalse" methodname="ApplyPlaceInBox_CellAlreadyOccupied_ReturnsFalse" classname="AzulTests.AzulEngineGrayBoxTests" runstate="Runnable" seed="396369491" result="Passed" start-time="2026-04-05 20:42:16Z" end-time="2026-04-05 20:42:16Z" duration="0.000372" asserts="0">
            <properties>
              <property name="retryIteration" value="0" />
              <property name="repeatIteration" value="0" />
            </properties>
          </test-case>
          <test-case id="1068" name="ApplyPlaceInBox_ColorAlreadyInColumn_ReturnsFalse" fullname="AzulTests.AzulEngineGrayBoxTests.ApplyPlaceInBox_ColorAlreadyInColumn_ReturnsFalse" methodname="ApplyPlaceInBox_ColorAlreadyInColumn_ReturnsFalse" classname="AzulTests.AzulEngineGrayBoxTests" runstate="Runnable" seed="1272343727" result="Passed" start-time="2026-04-05 20:42:16Z" end-time="2026-04-05 20:42:16Z" duration="0.000325" asserts="0">
            <properties>
              <property name="retryIteration" value="0" />
              <property name="repeatIteration" value="0" />
            </properties>
          </test-case>
          <test-case id="1074" name="ApplyPlaceInBox_CompletedBoxRow_SetsEndTriggered" fullname="AzulTests.AzulEngineGrayBoxTests.ApplyPlaceInBox_CompletedBoxRow_SetsEndTriggered" methodname="ApplyPlaceInBox_CompletedBoxRow_SetsEndTriggered" classname="AzulTests.AzulEngineGrayBoxTests" runstate="Runnable" seed="1222859151" result="Passed" start-time="2026-04-05 20:42:16Z" end-time="2026-04-05 20:42:16Z" duration="0.000605" asserts="0">
            <properties>
              <property name="retryIteration" value="0" />
              <property name="repeatIteration" value="0" />
            </properties>
          </test-case>
          <test-case id="1071" name="ApplyPlaceInBox_LastRowForCurrentPlayer_AdvancesToNextPlayerWithRows" fullname="AzulTests.AzulEngineGrayBoxTests.ApplyPlaceInBox_LastRowForCurrentPlayer_AdvancesToNextPlayerWithRows" methodname="ApplyPlaceInBox_LastRowForCurrentPlayer_AdvancesToNextPlayerWithRows" classname="AzulTests.AzulEngineGrayBoxTests" runstate="Runnable" seed="1071828012" result="Passed" start-time="2026-04-05 20:42:16Z" end-time="2026-04-05 20:42:16Z" duration="0.000524" asserts="0">
            <properties>
              <property name="retryIteration" value="0" />
              <property name="repeatIteration" value="0" />
            </properties>
          </test-case>
          <test-case id="1066" name="ApplyPlaceInBox_PatternRowNotFull_ReturnsFalse" fullname="AzulTests.AzulEngineGrayBoxTests.ApplyPlaceInBox_PatternRowNotFull_ReturnsFalse" methodname="ApplyPlaceInBox_PatternRowNotFull_ReturnsFalse" classname="AzulTests.AzulEngineGrayBoxTests" runstate="Runnable" seed="1495896997" result="Passed" start-time="2026-04-05 20:42:16Z" end-time="2026-04-05 20:42:16Z" duration="0.000535" asserts="0">
            <properties>
              <property name="retryIteration" value="0" />
              <property name="repeatIteration" value="0" />
            </properties>
          </test-case>
          <test-case id="1070" name="ApplyPlaceInBox_ValidPlacement_PatternLineCleared" fullname="AzulTests.AzulEngineGrayBoxTests.ApplyPlaceInBox_ValidPlacement_PatternLineCleared" methodname="ApplyPlaceInBox_ValidPlacement_PatternLineCleared" classname="AzulTests.AzulEngineGrayBoxTests" runstate="Runnable" seed="1471595701" result="Passed" start-time="2026-04-05 20:42:16Z" end-time="2026-04-05 20:42:16Z" duration="0.000351" asserts="0">
            <properties>
              <property name="retryIteration" value="0" />
              <property name="repeatIteration" value="0" />
            </properties>
          </test-case>
          <test-case id="1069" name="ApplyPlaceInBox_ValidPlacement_TilePlacedAndScoreUpdated" fullname="AzulTests.AzulEngineGrayBoxTests.ApplyPlaceInBox_ValidPlacement_TilePlacedAndScoreUpdated" methodname="ApplyPlaceInBox_ValidPlacement_TilePlacedAndScoreUpdated" classname="AzulTests.AzulEngineGrayBoxTests" runstate="Runnable" seed="1328736948" result="Passed" start-time="2026-04-05 20:42:16Z" end-time="2026-04-05 20:42:16Z" duration="0.000436" asserts="0">
            <properties>
              <property name="retryIteration" value="0" />
              <property name="repeatIteration" value="0" />
            </properties>
          </test-case>
          <test-case id="1065" name="ApplyPlaceInBox_WrongActor_ReturnsFalse" fullname="AzulTests.AzulEngineGrayBoxTests.ApplyPlaceInBox_WrongActor_ReturnsFalse" methodname="ApplyPlaceInBox_WrongActor_ReturnsFalse" classname="AzulTests.AzulEngineGrayBoxTests" runstate="Runnable" seed="437408419" result="Passed" start-time="2026-04-05 20:42:16Z" end-time="2026-04-05 20:42:16Z" duration="0.000284" asserts="0">
            <properties>
              <property name="retryIteration" value="0" />
              <property name="repeatIteration" value="0" />
            </properties>
          </test-case>
          <test-case id="1064" name="ApplyPlaceInBox_WrongPhase_ReturnsFalse" fullname="AzulTests.AzulEngineGrayBoxTests.ApplyPlaceInBox_WrongPhase_ReturnsFalse" methodname="ApplyPlaceInBox_WrongPhase_ReturnsFalse" classname="AzulTests.AzulEngineGrayBoxTests" runstate="Runnable" seed="948838737" result="Passed" start-time="2026-04-05 20:42:16Z" end-time="2026-04-05 20:42:16Z" duration="0.000347" asserts="0">
            <properties>
              <property name="retryIteration" value="0" />
              <property name="repeatIteration" value="0" />
            </properties>
          </test-case>
          <test-case id="1063" name="BeginGrayBoxTiling_NoPlayerHasFullRows_TransitionsImmediately" fullname="AzulTests.AzulEngineGrayBoxTests.BeginGrayBoxTiling_NoPlayerHasFullRows_TransitionsImmediately" methodname="BeginGrayBoxTiling_NoPlayerHasFullRows_TransitionsImmediately" classname="AzulTests.AzulEngineGrayBoxTests" runstate="Runnable" seed="271005279" result="Passed" start-time="2026-04-05 20:42:16Z" end-time="2026-04-05 20:42:16Z" duration="0.000658" asserts="0">
            <properties>
              <property name="retryIteration" value="0" />
              <property name="repeatIteration" value="0" />
            </properties>
          </test-case>
          <test-case id="1062" name="BeginGrayBoxTiling_OnlySecondPlayerHasFullRows_SetsActiveToSecondPlayer" fullname="AzulTests.AzulEngineGrayBoxTests.BeginGrayBoxTiling_OnlySecondPlayerHasFullRows_SetsActiveToSecondPlayer" methodname="BeginGrayBoxTiling_OnlySecondPlayerHasFullRows_SetsActiveToSecondPlayer" classname="AzulTests.AzulEngineGrayBoxTests" runstate="Runnable" seed="1182521010" result="Passed" start-time="2026-04-05 20:42:16Z" end-time="2026-04-05 20:42:16Z" duration="0.000322" asserts="0">
            <properties>
              <property name="retryIteration" value="0" />
              <property name="repeatIteration" value="0" />
            </properties>
          </test-case>
          <test-case id="1061" name="BeginGrayBoxTiling_PlayerWithFullRows_SetsActiveActorToThatPlayer" fullname="AzulTests.AzulEngineGrayBoxTests.BeginGrayBoxTiling_PlayerWithFullRows_SetsActiveActorToThatPlayer" methodname="BeginGrayBoxTiling_PlayerWithFullRows_SetsActiveActorToThatPlayer" classname="AzulTests.AzulEngineGrayBoxTests" runstate="Runnable" seed="1928294065" result="Passed" start-time="2026-04-05 20:42:16Z" end-time="2026-04-05 20:42:16Z" duration="0.000274" asserts="0">
            <properties>
              <property name="retryIteration" value="0" />
              <property name="repeatIteration" value="0" />
            </properties>
          </test-case>
          <test-case id="1075" name="HasFullPatternRows_PlayerWithNoRows_ReturnsFalse" fullname="AzulTests.AzulEngineGrayBoxTests.HasFullPatternRows_PlayerWithNoRows_ReturnsFalse" methodname="HasFullPatternRows_PlayerWithNoRows_ReturnsFalse" classname="AzulTests.AzulEngineGrayBoxTests" runstate="Runnable" seed="1543296951" result="Passed" start-time="2026-04-05 20:42:16Z" end-time="2026-04-05 20:42:16Z" duration="0.000416" asserts="0">
            <properties>
              <property name="retryIteration" value="0" />
              <property name="repeatIteration" value="0" />
            </properties>
          </test-case>
          <test-case id="1076" name="HasFullPatternRows_PlayerWithOneFullRow_ReturnsTrue" fullname="AzulTests.AzulEngineGrayBoxTests.HasFullPatternRows_PlayerWithOneFullRow_ReturnsTrue" methodname="HasFullPatternRows_PlayerWithOneFullRow_ReturnsTrue" classname="AzulTests.AzulEngineGrayBoxTests" runstate="Runnable" seed="2044783925" result="Passed" start-time="2026-04-05 20:42:16Z" end-time="2026-04-05 20:42:16Z" duration="0.000283" asserts="0">
            <properties>
              <property name="retryIteration" value="0" />
              <property name="repeatIteration" value="0" />
            </properties>
          </test-case>
        </test-suite>
        <test-suite type="TestFixture" id="1001" name="AzulEngineInitializeTests" fullname="AzulTests.AzulEngineInitializeTests" classname="AzulTests.AzulEngineInitializeTests" runstate="Runnable" testcasecount="13" result="Passed" start-time="2026-04-05 20:42:16Z" end-time="2026-04-05 20:42:16Z" duration="0.011291" total="13" passed="13" failed="0" inconclusive="0" skipped="0" asserts="0">
          <properties />
          <test-case id="1011" name="Initialize_AllBoxCellsAreMinusOne" fullname="AzulTests.AzulEngineInitializeTests.Initialize_AllBoxCellsAreMinusOne" methodname="Initialize_AllBoxCellsAreMinusOne" classname="AzulTests.AzulEngineInitializeTests" runstate="Runnable" seed="1414805806" result="Passed" start-time="2026-04-05 20:42:16Z" end-time="2026-04-05 20:42:16Z" duration="0.000948" asserts="0">
            <properties>
              <property name="retryIteration" value="0" />
              <property name="repeatIteration" value="0" />
            </properties>
          </test-case>
          <test-case id="1015" name="Initialize_AllFactoriesStartEmpty" fullname="AzulTests.AzulEngineInitializeTests.Initialize_AllFactoriesStartEmpty" methodname="Initialize_AllFactoriesStartEmpty" classname="AzulTests.AzulEngineInitializeTests" runstate="Runnable" seed="1457303298" result="Passed" start-time="2026-04-05 20:42:16Z" end-time="2026-04-05 20:42:16Z" duration="0.000398" asserts="0">
            <properties>
              <property name="retryIteration" value="0" />
              <property name="repeatIteration" value="0" />
            </properties>
          </test-case>
          <test-case id="1009" name="Initialize_AllPatternColorsAreMinusOne" fullname="AzulTests.AzulEngineInitializeTests.Initialize_AllPatternColorsAreMinusOne" methodname="Initialize_AllPatternColorsAreMinusOne" classname="AzulTests.AzulEngineInitializeTests" runstate="Runnable" seed="1263240893" result="Passed" start-time="2026-04-05 20:42:16Z" end-time="2026-04-05 20:42:16Z" duration="0.000455" asserts="0">
            <properties>
              <property name="retryIteration" value="0" />
              <property name="repeatIteration" value="0" />
            </properties>
          </test-case>
          <test-case id="1010" name="Initialize_AllPatternCountsAreZero" fullname="AzulTests.AzulEngineInitializeTests.Initialize_AllPatternCountsAreZero" methodname="Initialize_AllPatternCountsAreZero" classname="AzulTests.AzulEngineInitializeTests" runstate="Runnable" seed="177173300" result="Passed" start-time="2026-04-05 20:42:16Z" end-time="2026-04-05 20:42:16Z" duration="0.000726" asserts="0">
            <properties>
              <property name="retryIteration" value="0" />
              <property name="repeatIteration" value="0" />
            </properties>
          </test-case>
          <test-case id="1006" name="Initialize_BagContains20OfEachColor" fullname="AzulTests.AzulEngineInitializeTests.Initialize_BagContains20OfEachColor" methodname="Initialize_BagContains20OfEachColor" classname="AzulTests.AzulEngineInitializeTests" runstate="Runnable" seed="147487213" result="Passed" start-time="2026-04-05 20:42:16Z" end-time="2026-04-05 20:42:16Z" duration="0.000394" asserts="0">
            <properties>
              <property name="retryIteration" value="0" />
              <property name="repeatIteration" value="0" />
            </properties>
          </test-case>
          <test-suite type="ParameterizedMethod" id="1005" name="Initialize_FactoryCount_MatchesPlayerCount" fullname="AzulTests.AzulEngineInitializeTests.Initialize_FactoryCount_MatchesPlayerCount" classname="AzulTests.AzulEngineInitializeTests" runstate="Runnable" testcasecount="3" result="Passed" start-time="2026-04-05 20:42:16Z" end-time="2026-04-05 20:42:16Z" duration="0.002398" total="3" passed="3" failed="0" inconclusive="0" skipped="0" asserts="0">
            <properties />
            <test-case id="1002" name="Initialize_FactoryCount_MatchesPlayerCount(2,5)" fullname="AzulTests.AzulEngineInitializeTests.Initialize_FactoryCount_MatchesPlayerCount(2,5)" methodname="Initialize_FactoryCount_MatchesPlayerCount" classname="AzulTests.AzulEngineInitializeTests" runstate="Runnable" seed="1858120203" result="Passed" start-time="2026-04-05 20:42:16Z" end-time="2026-04-05 20:42:16Z" duration="0.000507" asserts="0">
              <properties>
                <property name="retryIteration" value="0" />
                <property name="repeatIteration" value="0" />
              </properties>
            </test-case>
            <test-case id="1003" name="Initialize_FactoryCount_MatchesPlayerCount(3,7)" fullname="AzulTests.AzulEngineInitializeTests.Initialize_FactoryCount_MatchesPlayerCount(3,7)" methodname="Initialize_FactoryCount_MatchesPlayerCount" classname="AzulTests.AzulEngineInitializeTests" runstate="Runnable" seed="1881170057" result="Passed" start-time="2026-04-05 20:42:16Z" end-time="2026-04-05 20:42:16Z" duration="0.000178" asserts="0">
              <properties>
                <property name="retryIteration" value="0" />
                <property name="repeatIteration" value="0" />
              </properties>
            </test-case>
            <test-case id="1004" name="Initialize_FactoryCount_MatchesPlayerCount(4,9)" fullname="AzulTests.AzulEngineInitializeTests.Initialize_FactoryCount_MatchesPlayerCount(4,9)" methodname="Initialize_FactoryCount_MatchesPlayerCount" classname="AzulTests.AzulEngineInitializeTests" runstate="Runnable" seed="329439351" result="Passed" start-time="2026-04-05 20:42:16Z" end-time="2026-04-05 20:42:16Z" duration="0.000135" asserts="0">
              <properties>
                <property name="retryIteration" value="0" />
                <property name="repeatIteration" value="0" />
              </properties>
            </test-case>
          </test-suite>
          <test-case id="1014" name="Initialize_FirstPlayerTokenNotInCenter" fullname="AzulTests.AzulEngineInitializeTests.Initialize_FirstPlayerTokenNotInCenter" methodname="Initialize_FirstPlayerTokenNotInCenter" classname="AzulTests.AzulEngineInitializeTests" runstate="Runnable" seed="955472562" result="Passed" start-time="2026-04-05 20:42:16Z" end-time="2026-04-05 20:42:16Z" duration="0.000297" asserts="0">
            <properties>
              <property name="retryIteration" value="0" />
              <property name="repeatIteration" value="0" />
            </properties>
          </test-case>
          <test-case id="1007" name="Initialize_LidIsEmpty" fullname="AzulTests.AzulEngineInitializeTests.Initialize_LidIsEmpty" methodname="Initialize_LidIsEmpty" classname="AzulTests.AzulEngineInitializeTests" runstate="Runnable" seed="1733599552" result="Passed" start-time="2026-04-05 20:42:16Z" end-time="2026-04-05 20:42:16Z" duration="0.000292" asserts="0">
            <properties>
              <property name="retryIteration" value="0" />
              <property name="repeatIteration" value="0" />
            </properties>
          </test-case>
          <test-case id="1008" name="Initialize_PhaseIsRefill" fullname="AzulTests.AzulEngineInitializeTests.Initialize_PhaseIsRefill" methodname="Initialize_PhaseIsRefill" classname="AzulTests.AzulEngineInitializeTests" runstate="Runnable" seed="1340480864" result="Passed" start-time="2026-04-05 20:42:16Z" end-time="2026-04-05 20:42:16Z" duration="0.000203" asserts="0">
            <properties>
              <property name="retryIteration" value="0" />
              <property name="repeatIteration" value="0" />
            </properties>
          </test-case>
          <test-case id="1013" name="Initialize_PlayerActorNumbers_MatchSeats" fullname="AzulTests.AzulEngineInitializeTests.Initialize_PlayerActorNumbers_MatchSeats" methodname="Initialize_PlayerActorNumbers_MatchSeats" classname="AzulTests.AzulEngineInitializeTests" runstate="Runnable" seed="1829373365" result="Passed" start-time="2026-04-05 20:42:16Z" end-time="2026-04-05 20:42:16Z" duration="0.000242" asserts="0">
            <properties>
              <property name="retryIteration" value="0" />
              <property name="repeatIteration" value="0" />
            </properties>
          </test-case>
          <test-case id="1012" name="Initialize_RoundStartsAt1" fullname="AzulTests.AzulEngineInitializeTests.Initialize_RoundStartsAt1" methodname="Initialize_RoundStartsAt1" classname="AzulTests.AzulEngineInitializeTests" runstate="Runnable" seed="888481795" result="Passed" start-time="2026-04-05 20:42:16Z" end-time="2026-04-05 20:42:16Z" duration="0.000311" asserts="0">
            <properties>
              <property name="retryIteration" value="0" />
              <property name="repeatIteration" value="0" />
            </properties>
          </test-case>
        </test-suite>
        <test-suite type="TestFixture" id="1016" name="AzulEngineRefillTests" fullname="AzulTests.AzulEngineRefillTests" classname="AzulTests.AzulEngineRefillTests" runstate="Runnable" testcasecount="10" result="Passed" start-time="2026-04-05 20:42:16Z" end-time="2026-04-05 20:42:16Z" duration="0.011710" total="10" passed="10" failed="0" inconclusive="0" skipped="0" asserts="0">
          <properties />
          <test-case id="1025" name="RefillAndBeginOffer_ActiveActorSetToStartPlayer" fullname="AzulTests.AzulEngineRefillTests.RefillAndBeginOffer_ActiveActorSetToStartPlayer" methodname="RefillAndBeginOffer_ActiveActorSetToStartPlayer" classname="AzulTests.AzulEngineRefillTests" runstate="Runnable" seed="1925151002" result="Passed" start-time="2026-04-05 20:42:16Z" end-time="2026-04-05 20:42:16Z" duration="0.000489" asserts="0">
            <properties>
              <property name="retryIteration" value="0" />
              <property name="repeatIteration" value="0" />
            </properties>
          </test-case>
          <test-suite type="ParameterizedMethod" id="1023" name="RefillAndBeginOffer_AllFactoriesFilledWith4Tiles" fullname="AzulTests.AzulEngineRefillTests.RefillAndBeginOffer_AllFactoriesFilledWith4Tiles" classname="AzulTests.AzulEngineRefillTests" runstate="Runnable" testcasecount="3" result="Passed" start-time="2026-04-05 20:42:16Z" end-time="2026-04-05 20:42:16Z" duration="0.002643" total="3" passed="3" failed="0" inconclusive="0" skipped="0" asserts="0">
            <properties />
            <test-case id="1020" name="RefillAndBeginOffer_AllFactoriesFilledWith4Tiles(2,5)" fullname="AzulTests.AzulEngineRefillTests.RefillAndBeginOffer_AllFactoriesFilledWith4Tiles(2,5)" methodname="RefillAndBeginOffer_AllFactoriesFilledWith4Tiles" classname="AzulTests.AzulEngineRefillTests" runstate="Runnable" seed="615370619" result="Passed" start-time="2026-04-05 20:42:16Z" end-time="2026-04-05 20:42:16Z" duration="0.000550" asserts="0">
              <properties>
                <property name="retryIteration" value="0" />
                <property name="repeatIteration" value="0" />
              </properties>
            </test-case>
            <test-case id="1021" name="RefillAndBeginOffer_AllFactoriesFilledWith4Tiles(3,7)" fullname="AzulTests.AzulEngineRefillTests.RefillAndBeginOffer_AllFactoriesFilledWith4Tiles(3,7)" methodname="RefillAndBeginOffer_AllFactoriesFilledWith4Tiles" classname="AzulTests.AzulEngineRefillTests" runstate="Runnable" seed="2014277483" result="Passed" start-time="2026-04-05 20:42:16Z" end-time="2026-04-05 20:42:16Z" duration="0.000198" asserts="0">
              <properties>
                <property name="retryIteration" value="0" />
                <property name="repeatIteration" value="0" />
              </properties>
            </test-case>
            <test-case id="1022" name="RefillAndBeginOffer_AllFactoriesFilledWith4Tiles(4,9)" fullname="AzulTests.AzulEngineRefillTests.RefillAndBeginOffer_AllFactoriesFilledWith4Tiles(4,9)" methodname="RefillAndBeginOffer_AllFactoriesFilledWith4Tiles" classname="AzulTests.AzulEngineRefillTests" runstate="Runnable" seed="1072014092" result="Passed" start-time="2026-04-05 20:42:16Z" end-time="2026-04-05 20:42:16Z" duration="0.000292" asserts="0">
              <properties>
                <property name="retryIteration" value="0" />
                <property name="repeatIteration" value="0" />
              </properties>
            </test-case>
          </test-suite>
          <test-case id="1019" name="RefillAndBeginOffer_CenterIsEmpty" fullname="AzulTests.AzulEngineRefillTests.RefillAndBeginOffer_CenterIsEmpty" methodname="RefillAndBeginOffer_CenterIsEmpty" classname="AzulTests.AzulEngineRefillTests" runstate="Runnable" seed="1877155849" result="Passed" start-time="2026-04-05 20:42:16Z" end-time="2026-04-05 20:42:16Z" duration="0.000996" asserts="0">
            <properties>
              <property name="retryIteration" value="0" />
              <property name="repeatIteration" value="0" />
            </properties>
          </test-case>
          <test-case id="1027" name="RefillAndBeginOffer_DrainsBagTiles" fullname="AzulTests.AzulEngineRefillTests.RefillAndBeginOffer_DrainsBagTiles" methodname="RefillAndBeginOffer_DrainsBagTiles" classname="AzulTests.AzulEngineRefillTests" runstate="Runnable" seed="1424430559" result="Passed" start-time="2026-04-05 20:42:16Z" end-time="2026-04-05 20:42:16Z" duration="0.000575" asserts="0">
            <properties>
              <property name="retryIteration" value="0" />
              <property name="repeatIteration" value="0" />
            </properties>
          </test-case>
          <test-case id="1018" name="RefillAndBeginOffer_FirstPlayerTokenPlacedInCenter" fullname="AzulTests.AzulEngineRefillTests.RefillAndBeginOffer_FirstPlayerTokenPlacedInCenter" methodname="RefillAndBeginOffer_FirstPlayerTokenPlacedInCenter" classname="AzulTests.AzulEngineRefillTests" runstate="Runnable" seed="1438013205" result="Passed" start-time="2026-04-05 20:42:16Z" end-time="2026-04-05 20:42:16Z" duration="0.000466" asserts="0">
            <properties>
              <property name="retryIteration" value="0" />
              <property name="repeatIteration" value="0" />
            </properties>
          </test-case>
          <test-case id="1026" name="RefillAndBeginOffer_IgnoredWhenPhaseIsNotRefillOrGameOver" fullname="AzulTests.AzulEngineRefillTests.RefillAndBeginOffer_IgnoredWhenPhaseIsNotRefillOrGameOver" methodname="RefillAndBeginOffer_IgnoredWhenPhaseIsNotRefillOrGameOver" classname="AzulTests.AzulEngineRefillTests" runstate="Runnable" seed="1195148641" result="Passed" start-time="2026-04-05 20:42:16Z" end-time="2026-04-05 20:42:16Z" duration="0.000540" asserts="0">
            <properties>
              <property name="retryIteration" value="0" />
              <property name="repeatIteration" value="0" />
            </properties>
          </test-case>
          <test-case id="1017" name="RefillAndBeginOffer_PhaseBecomesFactoryOffer" fullname="AzulTests.AzulEngineRefillTests.RefillAndBeginOffer_PhaseBecomesFactoryOffer" methodname="RefillAndBeginOffer_PhaseBecomesFactoryOffer" classname="AzulTests.AzulEngineRefillTests" runstate="Runnable" seed="974867479" result="Passed" start-time="2026-04-05 20:42:16Z" end-time="2026-04-05 20:42:16Z" duration="0.000350" asserts="0">
            <properties>
              <property name="retryIteration" value="0" />
              <property name="repeatIteration" value="0" />
            </properties>
          </test-case>
          <test-case id="1024" name="RefillAndBeginOffer_TilesAreValidColors" fullname="AzulTests.AzulEngineRefillTests.RefillAndBeginOffer_TilesAreValidColors" methodname="RefillAndBeginOffer_TilesAreValidColors" classname="AzulTests.AzulEngineRefillTests" runstate="Runnable" seed="90326321" result="Passed" start-time="2026-04-05 20:42:16Z" end-time="2026-04-05 20:42:16Z" duration="0.001213" asserts="0">
            <properties>
              <property name="retryIteration" value="0" />
              <property name="repeatIteration" value="0" />
            </properties>
          </test-case>
        </test-suite>
        <test-suite type="TestFixture" id="1077" name="GrayBoxRuleTests" fullname="AzulTests.GrayBoxRuleTests" classname="AzulTests.GrayBoxRuleTests" runstate="Runnable" testcasecount="15" result="Passed" start-time="2026-04-05 20:42:16Z" end-time="2026-04-05 20:42:16Z" duration="0.021853" total="15" passed="15" failed="0" inconclusive="0" skipped="0" asserts="0">
          <properties />
          <test-case id="1081" name="CanPlace_AllColumnsConflicted_ReturnsFalse" fullname="AzulTests.GrayBoxRuleTests.CanPlace_AllColumnsConflicted_ReturnsFalse" methodname="CanPlace_AllColumnsConflicted_ReturnsFalse" classname="AzulTests.GrayBoxRuleTests" runstate="Runnable" seed="1186119770" result="Passed" start-time="2026-04-05 20:42:16Z" end-time="2026-04-05 20:42:16Z" duration="0.003764" asserts="0">
            <properties>
              <property name="retryIteration" value="0" />
              <property name="repeatIteration" value="0" />
            </properties>
          </test-case>
          <test-case id="1082" name="CanPlace_CellOccupiedByDifferentColor_StillSkipped" fullname="AzulTests.GrayBoxRuleTests.CanPlace_CellOccupiedByDifferentColor_StillSkipped" methodname="CanPlace_CellOccupiedByDifferentColor_StillSkipped" classname="AzulTests.GrayBoxRuleTests" runstate="Runnable" seed="1716534894" result="Passed" start-time="2026-04-05 20:42:16Z" end-time="2026-04-05 20:42:16Z" duration="0.000461" asserts="0">
            <properties>
              <property name="retryIteration" value="0" />
              <property name="repeatIteration" value="0" />
            </properties>
          </test-case>
          <test-case id="1080" name="CanPlace_ColorConflictInColumn_SkipsToFirstConflictFreeColumn" fullname="AzulTests.GrayBoxRuleTests.CanPlace_ColorConflictInColumn_SkipsToFirstConflictFreeColumn" methodname="CanPlace_ColorConflictInColumn_SkipsToFirstConflictFreeColumn" classname="AzulTests.GrayBoxRuleTests" runstate="Runnable" seed="1121148502" result="Passed" start-time="2026-04-05 20:42:16Z" end-time="2026-04-05 20:42:16Z" duration="0.000427" asserts="0">
            <properties>
              <property name="retryIteration" value="0" />
              <property name="repeatIteration" value="0" />
            </properties>
          </test-case>
          <test-case id="1079" name="CanPlace_Column0Occupied_SkipsToFirstEmptyColumn" fullname="AzulTests.GrayBoxRuleTests.CanPlace_Column0Occupied_SkipsToFirstEmptyColumn" methodname="CanPlace_Column0Occupied_SkipsToFirstEmptyColumn" classname="AzulTests.GrayBoxRuleTests" runstate="Runnable" seed="1397009453" result="Passed" start-time="2026-04-05 20:42:16Z" end-time="2026-04-05 20:42:16Z" duration="0.000348" asserts="0">
            <properties>
              <property name="retryIteration" value="0" />
              <property name="repeatIteration" value="0" />
            </properties>
          </test-case>
          <test-case id="1078" name="CanPlace_EmptyBoard_ReturnsTrueAtColumn0" fullname="AzulTests.GrayBoxRuleTests.CanPlace_EmptyBoard_ReturnsTrueAtColumn0" methodname="CanPlace_EmptyBoard_ReturnsTrueAtColumn0" classname="AzulTests.GrayBoxRuleTests" runstate="Runnable" seed="785786053" result="Passed" start-time="2026-04-05 20:42:16Z" end-time="2026-04-05 20:42:16Z" duration="0.000387" asserts="0">
            <properties>
              <property name="retryIteration" value="0" />
              <property name="repeatIteration" value="0" />
            </properties>
          </test-case>
          <test-case id="1083" name="CanPlace_SelectsFirstValidColumnNotFirstEmpty" fullname="AzulTests.GrayBoxRuleTests.CanPlace_SelectsFirstValidColumnNotFirstEmpty" methodname="CanPlace_SelectsFirstValidColumnNotFirstEmpty" classname="AzulTests.GrayBoxRuleTests" runstate="Runnable" seed="205925363" result="Passed" start-time="2026-04-05 20:42:16Z" end-time="2026-04-05 20:42:16Z" duration="0.000383" asserts="0">
            <properties>
              <property name="retryIteration" value="0" />
              <property name="repeatIteration" value="0" />
            </properties>
          </test-case>
          <test-case id="1091" name="GetValidColumns_AllColumnsConflicted_AllFalse" fullname="AzulTests.GrayBoxRuleTests.GetValidColumns_AllColumnsConflicted_AllFalse" methodname="GetValidColumns_AllColumnsConflicted_AllFalse" classname="AzulTests.GrayBoxRuleTests" runstate="Runnable" seed="1814333273" result="Passed" start-time="2026-04-05 20:42:16Z" end-time="2026-04-05 20:42:16Z" duration="0.003473" asserts="0">
            <properties>
              <property name="retryIteration" value="0" />
              <property name="repeatIteration" value="0" />
            </properties>
          </test-case>
          <test-case id="1090" name="GetValidColumns_ColorConflictInColumn_ThatColumnFalse" fullname="AzulTests.GrayBoxRuleTests.GetValidColumns_ColorConflictInColumn_ThatColumnFalse" methodname="GetValidColumns_ColorConflictInColumn_ThatColumnFalse" classname="AzulTests.GrayBoxRuleTests" runstate="Runnable" seed="1081012231" result="Passed" start-time="2026-04-05 20:42:16Z" end-time="2026-04-05 20:42:16Z" duration="0.000534" asserts="0">
            <properties>
              <property name="retryIteration" value="0" />
              <property name="repeatIteration" value="0" />
            </properties>
          </test-case>
          <test-case id="1088" name="GetValidColumns_EmptyBoard_AllColumnsValid" fullname="AzulTests.GrayBoxRuleTests.GetValidColumns_EmptyBoard_AllColumnsValid" methodname="GetValidColumns_EmptyBoard_AllColumnsValid" classname="AzulTests.GrayBoxRuleTests" runstate="Runnable" seed="51378463" result="Passed" start-time="2026-04-05 20:42:16Z" end-time="2026-04-05 20:42:16Z" duration="0.000390" asserts="0">
            <properties>
              <property name="retryIteration" value="0" />
              <property name="repeatIteration" value="0" />
            </properties>
          </test-case>
          <test-case id="1092" name="GetValidColumns_KnownBoardState_MatchesExpectedResult" fullname="AzulTests.GrayBoxRuleTests.GetValidColumns_KnownBoardState_MatchesExpectedResult" methodname="GetValidColumns_KnownBoardState_MatchesExpectedResult" classname="AzulTests.GrayBoxRuleTests" runstate="Runnable" seed="1809372844" result="Passed" start-time="2026-04-05 20:42:16Z" end-time="2026-04-05 20:42:16Z" duration="0.000373" asserts="0">
            <properties>
              <property name="retryIteration" value="0" />
              <property name="repeatIteration" value="0" />
            </properties>
          </test-case>
          <test-case id="1089" name="GetValidColumns_OccupiedCellInRow_ThatColumnFalse" fullname="AzulTests.GrayBoxRuleTests.GetValidColumns_OccupiedCellInRow_ThatColumnFalse" methodname="GetValidColumns_OccupiedCellInRow_ThatColumnFalse" classname="AzulTests.GrayBoxRuleTests" runstate="Runnable" seed="1729590777" result="Passed" start-time="2026-04-05 20:42:16Z" end-time="2026-04-05 20:42:16Z" duration="0.000331" asserts="0">
            <properties>
              <property name="retryIteration" value="0" />
              <property name="repeatIteration" value="0" />
            </properties>
          </test-case>
          <test-case id="1087" name="RowHasColor_ColorInDifferentRow_ReturnsFalse" fullname="AzulTests.GrayBoxRuleTests.RowHasColor_ColorInDifferentRow_ReturnsFalse" methodname="RowHasColor_ColorInDifferentRow_ReturnsFalse" classname="AzulTests.GrayBoxRuleTests" runstate="Runnable" seed="1400007246" result="Passed" start-time="2026-04-05 20:42:16Z" end-time="2026-04-05 20:42:16Z" duration="0.000443" asserts="0">
            <properties>
              <property name="retryIteration" value="0" />
              <property name="repeatIteration" value="0" />
            </properties>
          </test-case>
          <test-case id="1086" name="RowHasColor_EmptyRow_ReturnsFalse" fullname="AzulTests.GrayBoxRuleTests.RowHasColor_EmptyRow_ReturnsFalse" methodname="RowHasColor_EmptyRow_ReturnsFalse" classname="AzulTests.GrayBoxRuleTests" runstate="Runnable" seed="265448053" result="Passed" start-time="2026-04-05 20:42:16Z" end-time="2026-04-05 20:42:16Z" duration="0.000298" asserts="0">
            <properties>
              <property name="retryIteration" value="0" />
              <property name="repeatIteration" value="0" />
            </properties>
          </test-case>
          <test-case id="1085" name="RowHasColor_WhenColorAbsentFromRow_ReturnsFalse" fullname="AzulTests.GrayBoxRuleTests.RowHasColor_WhenColorAbsentFromRow_ReturnsFalse" methodname="RowHasColor_WhenColorAbsentFromRow_ReturnsFalse" classname="AzulTests.GrayBoxRuleTests" runstate="Runnable" seed="1895888889" result="Passed" start-time="2026-04-05 20:42:16Z" end-time="2026-04-05 20:42:16Z" duration="0.000322" asserts="0">
            <properties>
              <property name="retryIteration" value="0" />
              <property name="repeatIteration" value="0" />
            </properties>
          </test-case>
          <test-case id="1084" name="RowHasColor_WhenColorPresentInRow_ReturnsTrue" fullname="AzulTests.GrayBoxRuleTests.RowHasColor_WhenColorPresentInRow_ReturnsTrue" methodname="RowHasColor_WhenColorPresentInRow_ReturnsTrue" classname="AzulTests.GrayBoxRuleTests" runstate="Runnable" seed="382861566" result="Passed" start-time="2026-04-05 20:42:16Z" end-time="2026-04-05 20:42:16Z" duration="0.000331" asserts="0">
            <properties>
              <property name="retryIteration" value="0" />
              <property name="repeatIteration" value="0" />
            </properties>
          </test-case>
        </test-suite>
        <test-suite type="TestFixture" id="1093" name="RNGTests" fullname="AzulTests.RNGTests" classname="AzulTests.RNGTests" runstate="Runnable" testcasecount="13" result="Passed" start-time="2026-04-05 20:42:16Z" end-time="2026-04-05 20:42:17Z" duration="0.032684" total="13" passed="13" failed="0" inconclusive="0" skipped="0" asserts="0">
          <properties />
          <test-case id="1102" name="DrawWeighted_AllColorsDrawnOverManyTrials" fullname="AzulTests.RNGTests.DrawWeighted_AllColorsDrawnOverManyTrials" methodname="DrawWeighted_AllColorsDrawnOverManyTrials" classname="AzulTests.RNGTests" runstate="Runnable" seed="1314379492" result="Passed" start-time="2026-04-05 20:42:17Z" end-time="2026-04-05 20:42:17Z" duration="0.000467" asserts="0">
            <properties>
              <property name="retryIteration" value="0" />
              <property name="repeatIteration" value="0" />
            </properties>
          </test-case>
          <test-case id="1096" name="DrawWeighted_AllZeroCounts_ReturnsMinus1" fullname="AzulTests.RNGTests.DrawWeighted_AllZeroCounts_ReturnsMinus1" methodname="DrawWeighted_AllZeroCounts_ReturnsMinus1" classname="AzulTests.RNGTests" runstate="Runnable" seed="1957425785" result="Passed" start-time="2026-04-05 20:42:17Z" end-time="2026-04-05 20:42:17Z" duration="0.000222" asserts="0">
            <properties>
              <property name="retryIteration" value="0" />
              <property name="repeatIteration" value="0" />
            </properties>
          </test-case>
          <test-case id="1099" name="DrawWeighted_EmptiesBucket_WhenCalledWithCount1" fullname="AzulTests.RNGTests.DrawWeighted_EmptiesBucket_WhenCalledWithCount1" methodname="DrawWeighted_EmptiesBucket_WhenCalledWithCount1" classname="AzulTests.RNGTests" runstate="Runnable" seed="842095288" result="Passed" start-time="2026-04-05 20:42:17Z" end-time="2026-04-05 20:42:17Z" duration="0.000195" asserts="0">
            <properties>
              <property name="retryIteration" value="0" />
              <property name="repeatIteration" value="0" />
            </properties>
          </test-case>
          <test-case id="1101" name="DrawWeighted_OnlyFirstBucketNonzero_ReturnsIndex0" fullname="AzulTests.RNGTests.DrawWeighted_OnlyFirstBucketNonzero_ReturnsIndex0" methodname="DrawWeighted_OnlyFirstBucketNonzero_ReturnsIndex0" classname="AzulTests.RNGTests" runstate="Runnable" seed="1017624626" result="Passed" start-time="2026-04-05 20:42:17Z" end-time="2026-04-05 20:42:17Z" duration="0.000310" asserts="0">
            <properties>
              <property name="retryIteration" value="0" />
              <property name="repeatIteration" value="0" />
            </properties>
          </test-case>
          <test-case id="1100" name="DrawWeighted_OnlyLastBucketNonzero_ReturnsIndex4" fullname="AzulTests.RNGTests.DrawWeighted_OnlyLastBucketNonzero_ReturnsIndex4" methodname="DrawWeighted_OnlyLastBucketNonzero_ReturnsIndex4" classname="AzulTests.RNGTests" runstate="Runnable" seed="919951396" result="Passed" start-time="2026-04-05 20:42:17Z" end-time="2026-04-05 20:42:17Z" duration="0.000342" asserts="0">
            <properties>
              <property name="retryIteration" value="0" />
              <property name="repeatIteration" value="0" />
            </properties>
          </test-case>
          <test-case id="1098" name="DrawWeighted_ReturnedIndex_IsWithinValidRange" fullname="AzulTests.RNGTests.DrawWeighted_ReturnedIndex_IsWithinValidRange" methodname="DrawWeighted_ReturnedIndex_IsWithinValidRange" classname="AzulTests.RNGTests" runstate="Runnable" seed="668593615" result="Passed" start-time="2026-04-05 20:42:17Z" end-time="2026-04-05 20:42:17Z" duration="0.000532" asserts="0">
            <properties>
              <property name="retryIteration" value="0" />
              <property name="repeatIteration" value="0" />
            </properties>
          </test-case>
          <test-case id="1097" name="DrawWeighted_SingleNonzeroBucket_AlwaysReturnsThatBucket" fullname="AzulTests.RNGTests.DrawWeighted_SingleNonzeroBucket_AlwaysReturnsThatBucket" methodname="DrawWeighted_SingleNonzeroBucket_AlwaysReturnsThatBucket" classname="AzulTests.RNGTests" runstate="Runnable" seed="1825338307" result="Passed" start-time="2026-04-05 20:42:17Z" end-time="2026-04-05 20:42:17Z" duration="0.000406" asserts="0">
            <properties>
              <property name="retryIteration" value="0" />
              <property name="repeatIteration" value="0" />
            </properties>
          </test-case>
          <test-case id="1104" name="FromSerializedState_ZeroState_StillProducesValidSequence" fullname="AzulTests.RNGTests.FromSerializedState_ZeroState_StillProducesValidSequence" methodname="FromSerializedState_ZeroState_StillProducesValidSequence" classname="AzulTests.RNGTests" runstate="Runnable" seed="707689332" result="Passed" start-time="2026-04-05 20:42:17Z" end-time="2026-04-05 20:42:17Z" duration="0.000377" asserts="0">
            <properties>
              <property name="retryIteration" value="0" />
              <property name="repeatIteration" value="0" />
            </properties>
          </test-case>
          <test-case id="1095" name="SeededRNG_DifferentSeeds_ProduceDifferentSequences" fullname="AzulTests.RNGTests.SeededRNG_DifferentSeeds_ProduceDifferentSequences" methodname="SeededRNG_DifferentSeeds_ProduceDifferentSequences" classname="AzulTests.RNGTests" runstate="Runnable" seed="1301481567" result="Passed" start-time="2026-04-05 20:42:17Z" end-time="2026-04-05 20:42:17Z" duration="0.000275" asserts="0">
            <properties>
              <property name="retryIteration" value="0" />
              <property name="repeatIteration" value="0" />
            </properties>
          </test-case>
          <test-case id="1094" name="SeededRNG_ProducesIdenticalSequence_WhenCreatedWithSameSeed" fullname="AzulTests.RNGTests.SeededRNG_ProducesIdenticalSequence_WhenCreatedWithSameSeed" methodname="SeededRNG_ProducesIdenticalSequence_WhenCreatedWithSameSeed" classname="AzulTests.RNGTests" runstate="Runnable" seed="737486093" result="Passed" start-time="2026-04-05 20:42:17Z" end-time="2026-04-05 20:42:17Z" duration="0.000492" asserts="0">
            <properties>
              <property name="retryIteration" value="0" />
              <property name="repeatIteration" value="0" />
            </properties>
          </test-case>
          <test-case id="1106" name="SerializeState_DifferentPointsInSequence_ProduceDifferentValues" fullname="AzulTests.RNGTests.SerializeState_DifferentPointsInSequence_ProduceDifferentValues" methodname="SerializeState_DifferentPointsInSequence_ProduceDifferentValues" classname="AzulTests.RNGTests" runstate="Runnable" seed="494083455" result="Passed" start-time="2026-04-05 20:42:17Z" end-time="2026-04-05 20:42:17Z" duration="0.000810" asserts="0">
            <properties>
              <property name="retryIteration" value="0" />
              <property name="repeatIteration" value="0" />
            </properties>
          </test-case>
          <test-case id="1105" name="SerializeState_FreshRNG_CanBeRestoredBeforeAnyDraw" fullname="AzulTests.RNGTests.SerializeState_FreshRNG_CanBeRestoredBeforeAnyDraw" methodname="SerializeState_FreshRNG_CanBeRestoredBeforeAnyDraw" classname="AzulTests.RNGTests" runstate="Runnable" seed="40614698" result="Passed" start-time="2026-04-05 20:42:17Z" end-time="2026-04-05 20:42:17Z" duration="0.000259" asserts="0">
            <properties>
              <property name="retryIteration" value="0" />
              <property name="repeatIteration" value="0" />
            </properties>
          </test-case>
          <test-case id="1103" name="SerializeState_ThenFromSerializedState_ResumesIdenticalSequence" fullname="AzulTests.RNGTests.SerializeState_ThenFromSerializedState_ResumesIdenticalSequence" methodname="SerializeState_ThenFromSerializedState_ResumesIdenticalSequence" classname="AzulTests.RNGTests" runstate="Runnable" seed="1748943129" result="Passed" start-time="2026-04-05 20:42:17Z" end-time="2026-04-05 20:42:17Z" duration="0.000353" asserts="0">
            <properties>
              <property name="retryIteration" value="0" />
              <property name="repeatIteration" value="0" />
            </properties>
          </test-case>
        </test-suite>
        <test-suite type="TestFixture" id="1107" name="RoomPropsCodecTests" fullname="AzulTests.RoomPropsCodecTests" classname="AzulTests.RoomPropsCodecTests" runstate="Runnable" testcasecount="38" result="Passed" start-time="2026-04-05 20:42:17Z" end-time="2026-04-05 20:42:17Z" duration="0.036119" total="38" passed="38" failed="0" inconclusive="0" skipped="0" asserts="0">
          <properties />
          <test-case id="1114" name="Encode_Decode_ActiveActorPreserved" fullname="AzulTests.RoomPropsCodecTests.Encode_Decode_ActiveActorPreserved" methodname="Encode_Decode_ActiveActorPreserved" classname="AzulTests.RoomPropsCodecTests" runstate="Runnable" seed="1911585391" result="Passed" start-time="2026-04-05 20:42:17Z" end-time="2026-04-05 20:42:17Z" duration="0.003820" asserts="0">
            <properties>
              <property name="retryIteration" value="0" />
              <property name="repeatIteration" value="0" />
            </properties>
          </test-case>
          <test-case id="1145" name="Encode_Decode_ActorNumbersPreserved" fullname="AzulTests.RoomPropsCodecTests.Encode_Decode_ActorNumbersPreserved" methodname="Encode_Decode_ActorNumbersPreserved" classname="AzulTests.RoomPropsCodecTests" runstate="Runnable" seed="1547180354" result="Passed" start-time="2026-04-05 20:42:17Z" end-time="2026-04-05 20:42:17Z" duration="0.000430" asserts="0">
            <properties>
              <property name="retryIteration" value="0" />
              <property name="repeatIteration" value="0" />
            </properties>
          </test-case>
          <test-case id="1130" name="Encode_Decode_BagPreserved" fullname="AzulTests.RoomPropsCodecTests.Encode_Decode_BagPreserved" methodname="Encode_Decode_BagPreserved" classname="AzulTests.RoomPropsCodecTests" runstate="Runnable" seed="1853965988" result="Passed" start-time="2026-04-05 20:42:17Z" end-time="2026-04-05 20:42:17Z" duration="0.000482" asserts="0">
            <properties>
              <property name="retryIteration" value="0" />
              <property name="repeatIteration" value="0" />
            </properties>
          </test-case>
          <test-case id="1120" name="Encode_Decode_BaseOrderPreserved" fullname="AzulTests.RoomPropsCodecTests.Encode_Decode_BaseOrderPreserved" methodname="Encode_Decode_BaseOrderPreserved" classname="AzulTests.RoomPropsCodecTests" runstate="Runnable" seed="1157520922" result="Passed" start-time="2026-04-05 20:42:17Z" end-time="2026-04-05 20:42:17Z" duration="0.000282" asserts="0">
            <properties>
              <property name="retryIteration" value="0" />
              <property name="repeatIteration" value="0" />
            </properties>
          </test-case>
          <test-case id="1140" name="Encode_Decode_BoxBits_DerivedFromBoxColors" fullname="AzulTests.RoomPropsCodecTests.Encode_Decode_BoxBits_DerivedFromBoxColors" methodname="Encode_Decode_BoxBits_DerivedFromBoxColors" classname="AzulTests.RoomPropsCodecTests" runstate="Runnable" seed="1837783223" result="Passed" start-time="2026-04-05 20:42:17Z" end-time="2026-04-05 20:42:17Z" duration="0.000328" asserts="0">
            <properties>
              <property name="retryIteration" value="0" />
              <property name="repeatIteration" value="0" />
            </properties>
          </test-case>
          <test-case id="1138" name="Encode_Decode_BoxColorsPreserved" fullname="AzulTests.RoomPropsCodecTests.Encode_Decode_BoxColorsPreserved" methodname="Encode_Decode_BoxColorsPreserved" classname="AzulTests.RoomPropsCodecTests" runstate="Runnable" seed="373000247" result="Passed" start-time="2026-04-05 20:42:17Z" end-time="2026-04-05 20:42:17Z" duration="0.000346" asserts="0">
            <properties>
              <property name="retryIteration" value="0" />
              <property name="repeatIteration" value="0" />
            </properties>
          </test-case>
          <test-case id="1129" name="Encode_Decode_CenterPreserved" fullname="AzulTests.RoomPropsCodecTests.Encode_Decode_CenterPreserved" methodname="Encode_Decode_CenterPreserved" classname="AzulTests.RoomPropsCodecTests" runstate="Runnable" seed="1223774537" result="Passed" start-time="2026-04-05 20:42:17Z" end-time="2026-04-05 20:42:17Z" duration="0.000768" asserts="0">
            <properties>
              <property name="retryIteration" value="0" />
              <property name="repeatIteration" value="0" />
            </properties>
          </test-case>
          <test-case id="1139" name="Encode_Decode_EmptyBoxCell_EncodesAs255" fullname="AzulTests.RoomPropsCodecTests.Encode_Decode_EmptyBoxCell_EncodesAs255" methodname="Encode_Decode_EmptyBoxCell_EncodesAs255" classname="AzulTests.RoomPropsCodecTests" runstate="Runnable" seed="207713758" result="Passed" start-time="2026-04-05 20:42:17Z" end-time="2026-04-05 20:42:17Z" duration="0.000520" asserts="0">
            <properties>
              <property name="retryIteration" value="0" />
              <property name="repeatIteration" value="0" />
            </properties>
          </test-case>
          <test-case id="1147" name="Encode_Decode_EmptyFactories_AllSentinelState" fullname="AzulTests.RoomPropsCodecTests.Encode_Decode_EmptyFactories_AllSentinelState" methodname="Encode_Decode_EmptyFactories_AllSentinelState" classname="AzulTests.RoomPropsCodecTests" runstate="Runnable" seed="543111125" result="Passed" start-time="2026-04-05 20:42:17Z" end-time="2026-04-05 20:42:17Z" duration="0.000468" asserts="0">
            <properties>
              <property name="retryIteration" value="0" />
              <property name="repeatIteration" value="0" />
            </properties>
          </test-case>
          <test-case id="1127" name="Encode_Decode_EmptyFactory_DecodesEmpty" fullname="AzulTests.RoomPropsCodecTests.Encode_Decode_EmptyFactory_DecodesEmpty" methodname="Encode_Decode_EmptyFactory_DecodesEmpty" classname="AzulTests.RoomPropsCodecTests" runstate="Runnable" seed="2031503279" result="Passed" start-time="2026-04-05 20:42:17Z" end-time="2026-04-05 20:42:17Z" duration="0.000359" asserts="0">
            <properties>
              <property name="retryIteration" value="0" />
              <property name="repeatIteration" value="0" />
            </properties>
          </test-case>
          <test-case id="1137" name="Encode_Decode_EmptyFloorSlots_EncodedAs255" fullname="AzulTests.RoomPropsCodecTests.Encode_Decode_EmptyFloorSlots_EncodedAs255" methodname="Encode_Decode_EmptyFloorSlots_EncodedAs255" classname="AzulTests.RoomPropsCodecTests" runstate="Runnable" seed="97203236" result="Passed" start-time="2026-04-05 20:42:17Z" end-time="2026-04-05 20:42:17Z" duration="0.000423" asserts="0">
            <properties>
              <property name="retryIteration" value="0" />
              <property name="repeatIteration" value="0" />
            </properties>
          </test-case>
          <test-case id="1134" name="Encode_Decode_EmptyPatternSlot_EncodesAs255" fullname="AzulTests.RoomPropsCodecTests.Encode_Decode_EmptyPatternSlot_EncodesAs255" methodname="Encode_Decode_EmptyPatternSlot_EncodesAs255" classname="AzulTests.RoomPropsCodecTests" runstate="Runnable" seed="1005900192" result="Passed" start-time="2026-04-05 20:42:17Z" end-time="2026-04-05 20:42:17Z" duration="0.000324" asserts="0">
            <properties>
              <property name="retryIteration" value="0" />
              <property name="repeatIteration" value="0" />
            </properties>
          </test-case>
          <test-case id="1135" name="Encode_Decode_EmptyPatternSlot_Preserved" fullname="AzulTests.RoomPropsCodecTests.Encode_Decode_EmptyPatternSlot_Preserved" methodname="Encode_Decode_EmptyPatternSlot_Preserved" classname="AzulTests.RoomPropsCodecTests" runstate="Runnable" seed="1556495033" result="Passed" start-time="2026-04-05 20:42:17Z" end-time="2026-04-05 20:42:17Z" duration="0.000494" asserts="0">
            <properties>
              <property name="retryIteration" value="0" />
              <property name="repeatIteration" value="0" />
            </properties>
          </test-case>
          <test-case id="1128" name="Encode_Decode_EmptySlotSentinel255_NotIncludedInFactoryList" fullname="AzulTests.RoomPropsCodecTests.Encode_Decode_EmptySlotSentinel255_NotIncludedInFactoryList" methodname="Encode_Decode_EmptySlotSentinel255_NotIncludedInFactoryList" classname="AzulTests.RoomPropsCodecTests" runstate="Runnable" seed="737205999" result="Passed" start-time="2026-04-05 20:42:17Z" end-time="2026-04-05 20:42:17Z" duration="0.000688" asserts="0">
            <properties>
              <property name="retryIteration" value="0" />
              <property name="repeatIteration" value="0" />
            </properties>
          </test-case>
          <test-suite type="ParameterizedMethod" id="1125" name="Encode_Decode_FactoryCountForPlayerCount" fullname="AzulTests.RoomPropsCodecTests.Encode_Decode_FactoryCountForPlayerCount" classname="AzulTests.RoomPropsCodecTests" runstate="Runnable" testcasecount="3" result="Passed" start-time="2026-04-05 20:42:17Z" end-time="2026-04-05 20:42:17Z" duration="0.003117" total="3" passed="3" failed="0" inconclusive="0" skipped="0" asserts="0">
            <properties />
            <test-case id="1122" name="Encode_Decode_FactoryCountForPlayerCount(2,5)" fullname="AzulTests.RoomPropsCodecTests.Encode_Decode_FactoryCountForPlayerCount(2,5)" methodname="Encode_Decode_FactoryCountForPlayerCount" classname="AzulTests.RoomPropsCodecTests" runstate="Runnable" seed="1770547482" result="Passed" start-time="2026-04-05 20:42:17Z" end-time="2026-04-05 20:42:17Z" duration="0.000430" asserts="0">
              <properties>
                <property name="retryIteration" value="0" />
                <property name="repeatIteration" value="0" />
              </properties>
            </test-case>
            <test-case id="1123" name="Encode_Decode_FactoryCountForPlayerCount(3,7)" fullname="AzulTests.RoomPropsCodecTests.Encode_Decode_FactoryCountForPlayerCount(3,7)" methodname="Encode_Decode_FactoryCountForPlayerCount" classname="AzulTests.RoomPropsCodecTests" runstate="Runnable" seed="1196600667" result="Passed" start-time="2026-04-05 20:42:17Z" end-time="2026-04-05 20:42:17Z" duration="0.000258" asserts="0">
              <properties>
                <property name="retryIteration" value="0" />
                <property name="repeatIteration" value="0" />
              </properties>
            </test-case>
            <test-case id="1124" name="Encode_Decode_FactoryCountForPlayerCount(4,9)" fullname="AzulTests.RoomPropsCodecTests.Encode_Decode_FactoryCountForPlayerCount(4,9)" methodname="Encode_Decode_FactoryCountForPlayerCount" classname="AzulTests.RoomPropsCodecTests" runstate="Runnable" seed="698789784" result="Passed" start-time="2026-04-05 20:42:17Z" end-time="2026-04-05 20:42:17Z" duration="0.000231" asserts="0">
              <properties>
                <property name="retryIteration" value="0" />
                <property name="repeatIteration" value="0" />
              </properties>
            </test-case>
          </test-suite>
          <test-case id="1121" name="Encode_Decode_FactoryCountPreserved" fullname="AzulTests.RoomPropsCodecTests.Encode_Decode_FactoryCountPreserved" methodname="Encode_Decode_FactoryCountPreserved" classname="AzulTests.RoomPropsCodecTests" runstate="Runnable" seed="208981650" result="Passed" start-time="2026-04-05 20:42:17Z" end-time="2026-04-05 20:42:17Z" duration="0.000327" asserts="0">
            <properties>
              <property name="retryIteration" value="0" />
              <property name="repeatIteration" value="0" />
            </properties>
          </test-case>
          <test-case id="1126" name="Encode_Decode_FactoryTilesPreserved" fullname="AzulTests.RoomPropsCodecTests.Encode_Decode_FactoryTilesPreserved" methodname="Encode_Decode_FactoryTilesPreserved" classname="AzulTests.RoomPropsCodecTests" runstate="Runnable" seed="1405049501" result="Passed" start-time="2026-04-05 20:42:17Z" end-time="2026-04-05 20:42:17Z" duration="0.000726" asserts="0">
            <properties>
              <property name="retryIteration" value="0" />
              <property name="repeatIteration" value="0" />
            </properties>
          </test-case>
          <test-case id="1117" name="Encode_Decode_FirstInCenterFalse_Preserved" fullname="AzulTests.RoomPropsCodecTests.Encode_Decode_FirstInCenterFalse_Preserved" methodname="Encode_Decode_FirstInCenterFalse_Preserved" classname="AzulTests.RoomPropsCodecTests" runstate="Runnable" seed="1137238448" result="Passed" start-time="2026-04-05 20:42:17Z" end-time="2026-04-05 20:42:17Z" duration="0.000315" asserts="0">
            <properties>
              <property name="retryIteration" value="0" />
              <property name="repeatIteration" value="0" />
            </properties>
          </test-case>
[...]
              </properties>
            </test-case>
            <test-case id="1204" name="ColorAtCell_KnownRowCol_ReturnsCorrectColor(1,1,0)" fullname="AzulTests.StandardBoxMapTests.ColorAtCell_KnownRowCol_ReturnsCorrectColor(1,1,0)" methodname="ColorAtCell_KnownRowCol_ReturnsCorrectColor" classname="AzulTests.StandardBoxMapTests" runstate="Runnable" seed="844885629" result="Passed" start-time="2026-04-05 20:42:17Z" end-time="2026-04-05 20:42:17Z" duration="0.000134" asserts="0">
              <properties>
                <property name="retryIteration" value="0" />
                <property name="repeatIteration" value="0" />
              </properties>
            </test-case>
            <test-case id="1205" name="ColorAtCell_KnownRowCol_ReturnsCorrectColor(2,2,0)" fullname="AzulTests.StandardBoxMapTests.ColorAtCell_KnownRowCol_ReturnsCorrectColor(2,2,0)" methodname="ColorAtCell_KnownRowCol_ReturnsCorrectColor" classname="AzulTests.StandardBoxMapTests" runstate="Runnable" seed="1259297376" result="Passed" start-time="2026-04-05 20:42:17Z" end-time="2026-04-05 20:42:17Z" duration="0.000132" asserts="0">
              <properties>
                <property name="retryIteration" value="0" />
                <property name="repeatIteration" value="0" />
              </properties>
            </test-case>
            <test-case id="1206" name="ColorAtCell_KnownRowCol_ReturnsCorrectColor(3,1,3)" fullname="AzulTests.StandardBoxMapTests.ColorAtCell_KnownRowCol_ReturnsCorrectColor(3,1,3)" methodname="ColorAtCell_KnownRowCol_ReturnsCorrectColor" classname="AzulTests.StandardBoxMapTests" runstate="Runnable" seed="660857543" result="Passed" start-time="2026-04-05 20:42:17Z" end-time="2026-04-05 20:42:17Z" duration="0.000128" asserts="0">
              <properties>
                <property name="retryIteration" value="0" />
                <property name="repeatIteration" value="0" />
              </properties>
            </test-case>
            <test-case id="1207" name="ColorAtCell_KnownRowCol_ReturnsCorrectColor(4,0,1)" fullname="AzulTests.StandardBoxMapTests.ColorAtCell_KnownRowCol_ReturnsCorrectColor(4,0,1)" methodname="ColorAtCell_KnownRowCol_ReturnsCorrectColor" classname="AzulTests.StandardBoxMapTests" runstate="Runnable" seed="1555713416" result="Passed" start-time="2026-04-05 20:42:17Z" end-time="2026-04-05 20:42:17Z" duration="0.000138" asserts="0">
              <properties>
                <property name="retryIteration" value="0" />
                <property name="repeatIteration" value="0" />
              </properties>
            </test-case>
          </test-suite>
          <test-case id="1216" name="ColumnFor_AndColorAtCell_AreConsistent" fullname="AzulTests.StandardBoxMapTests.ColumnFor_AndColorAtCell_AreConsistent" methodname="ColumnFor_AndColorAtCell_AreConsistent" classname="AzulTests.StandardBoxMapTests" runstate="Runnable" seed="1766994306" result="Passed" start-time="2026-04-05 20:42:17Z" end-time="2026-04-05 20:42:17Z" duration="0.000702" asserts="0">
            <properties>
              <property name="retryIteration" value="0" />
              <property name="repeatIteration" value="0" />
            </properties>
          </test-case>
          <test-suite type="ParameterizedMethod" id="1215" name="ColumnFor_KnownRowColor_ReturnsCorrectColumn" fullname="AzulTests.StandardBoxMapTests.ColumnFor_KnownRowColor_ReturnsCorrectColumn" classname="AzulTests.StandardBoxMapTests" runstate="Runnable" testcasecount="4" result="Passed" start-time="2026-04-05 20:42:17Z" end-time="2026-04-05 20:42:17Z" duration="0.002667" total="4" passed="4" failed="0" inconclusive="0" skipped="0" asserts="0">
            <properties />
            <test-case id="1211" name="ColumnFor_KnownRowColor_ReturnsCorrectColumn(0,0,0)" fullname="AzulTests.StandardBoxMapTests.ColumnFor_KnownRowColor_ReturnsCorrectColumn(0,0,0)" methodname="ColumnFor_KnownRowColor_ReturnsCorrectColumn" classname="AzulTests.StandardBoxMapTests" runstate="Runnable" seed="2123887624" result="Passed" start-time="2026-04-05 20:42:17Z" end-time="2026-04-05 20:42:17Z" duration="0.000300" asserts="0">
              <properties>
                <property name="retryIteration" value="0" />
                <property name="repeatIteration" value="0" />
              </properties>
            </test-case>
            <test-case id="1212" name="ColumnFor_KnownRowColor_ReturnsCorrectColumn(0,1,1)" fullname="AzulTests.StandardBoxMapTests.ColumnFor_KnownRowColor_ReturnsCorrectColumn(0,1,1)" methodname="ColumnFor_KnownRowColor_ReturnsCorrectColumn" classname="AzulTests.StandardBoxMapTests" runstate="Runnable" seed="1965737736" result="Passed" start-time="2026-04-05 20:42:17Z" end-time="2026-04-05 20:42:17Z" duration="0.000165" asserts="0">
              <properties>
                <property name="retryIteration" value="0" />
                <property name="repeatIteration" value="0" />
              </properties>
            </test-case>
            <test-case id="1213" name="ColumnFor_KnownRowColor_ReturnsCorrectColumn(4,1,0)" fullname="AzulTests.StandardBoxMapTests.ColumnFor_KnownRowColor_ReturnsCorrectColumn(4,1,0)" methodname="ColumnFor_KnownRowColor_ReturnsCorrectColumn" classname="AzulTests.StandardBoxMapTests" runstate="Runnable" seed="189539201" result="Passed" start-time="2026-04-05 20:42:17Z" end-time="2026-04-05 20:42:17Z" duration="0.000217" asserts="0">
              <properties>
                <property name="retryIteration" value="0" />
                <property name="repeatIteration" value="0" />
              </properties>
            </test-case>
            <test-case id="1214" name="ColumnFor_KnownRowColor_ReturnsCorrectColumn(3,3,1)" fullname="AzulTests.StandardBoxMapTests.ColumnFor_KnownRowColor_ReturnsCorrectColumn(3,3,1)" methodname="ColumnFor_KnownRowColor_ReturnsCorrectColumn" classname="AzulTests.StandardBoxMapTests" runstate="Runnable" seed="180574900" result="Passed" start-time="2026-04-05 20:42:17Z" end-time="2026-04-05 20:42:17Z" duration="0.000148" asserts="0">
              <properties>
                <property name="retryIteration" value="0" />
                <property name="repeatIteration" value="0" />
              </properties>
            </test-case>
          </test-suite>
          <test-case id="1217" name="ColumnFor_NonDefaultBaseOrder_UsesCorrectIndex" fullname="AzulTests.StandardBoxMapTests.ColumnFor_NonDefaultBaseOrder_UsesCorrectIndex" methodname="ColumnFor_NonDefaultBaseOrder_UsesCorrectIndex" classname="AzulTests.StandardBoxMapTests" runstate="Runnable" seed="1075081683" result="Passed" start-time="2026-04-05 20:42:17Z" end-time="2026-04-05 20:42:17Z" duration="0.000267" asserts="0">
            <properties>
              <property name="retryIteration" value="0" />
              <property name="repeatIteration" value="0" />
            </properties>
          </test-case>
        </test-suite>
        <test-suite type="TestFixture" id="1178" name="StandardBoxRuleTests" fullname="AzulTests.StandardBoxRuleTests" classname="AzulTests.StandardBoxRuleTests" runstate="Runnable" testcasecount="19" result="Passed" start-time="2026-04-05 20:42:17Z" end-time="2026-04-05 20:42:17Z" duration="0.013251" total="19" passed="19" failed="0" inconclusive="0" skipped="0" asserts="0">
          <properties />
          <test-case id="1191" name="CanPlace_AllFiveColorsRow0_MapsToDistinctColumns" fullname="AzulTests.StandardBoxRuleTests.CanPlace_AllFiveColorsRow0_MapsToDistinctColumns" methodname="CanPlace_AllFiveColorsRow0_MapsToDistinctColumns" classname="AzulTests.StandardBoxRuleTests" runstate="Runnable" seed="1309703019" result="Passed" start-time="2026-04-05 20:42:17Z" end-time="2026-04-05 20:42:17Z" duration="0.001172" asserts="0">
            <properties>
              <property name="retryIteration" value="0" />
              <property name="repeatIteration" value="0" />
            </properties>
          </test-case>
          <test-case id="1192" name="CanPlace_AllFiveColorsRow2_MapsToDistinctColumns" fullname="AzulTests.StandardBoxRuleTests.CanPlace_AllFiveColorsRow2_MapsToDistinctColumns" methodname="CanPlace_AllFiveColorsRow2_MapsToDistinctColumns" classname="AzulTests.StandardBoxRuleTests" runstate="Runnable" seed="858455336" result="Passed" start-time="2026-04-05 20:42:17Z" end-time="2026-04-05 20:42:17Z" duration="0.000393" asserts="0">
            <properties>
              <property name="retryIteration" value="0" />
              <property name="repeatIteration" value="0" />
            </properties>
          </test-case>
          <test-case id="1190" name="CanPlace_DifferentColorOccupiesTargetCell_ReturnsFalse" fullname="AzulTests.StandardBoxRuleTests.CanPlace_DifferentColorOccupiesTargetCell_ReturnsFalse" methodname="CanPlace_DifferentColorOccupiesTargetCell_ReturnsFalse" classname="AzulTests.StandardBoxRuleTests" runstate="Runnable" seed="580921565" result="Passed" start-time="2026-04-05 20:42:17Z" end-time="2026-04-05 20:42:17Z" duration="0.000296" asserts="0">
            <properties>
              <property name="retryIteration" value="0" />
              <property name="repeatIteration" value="0" />
            </properties>
          </test-case>
          <test-suite type="ParameterizedMethod" id="1188" name="CanPlace_EmptyCell_ReturnsCorrectColumn" fullname="AzulTests.StandardBoxRuleTests.CanPlace_EmptyCell_ReturnsCorrectColumn" classname="AzulTests.StandardBoxRuleTests" runstate="Runnable" testcasecount="9" result="Passed" start-time="2026-04-05 20:42:17Z" end-time="2026-04-05 20:42:17Z" duration="0.004349" total="9" passed="9" failed="0" inconclusive="0" skipped="0" asserts="0">
            <properties />
            <test-case id="1179" name="CanPlace_EmptyCell_ReturnsCorrectColumn(0,0,0)" fullname="AzulTests.StandardBoxRuleTests.CanPlace_EmptyCell_ReturnsCorrectColumn(0,0,0)" methodname="CanPlace_EmptyCell_ReturnsCorrectColumn" classname="AzulTests.StandardBoxRuleTests" runstate="Runnable" seed="2037213636" result="Passed" start-time="2026-04-05 20:42:17Z" end-time="2026-04-05 20:42:17Z" duration="0.000408" asserts="0">
              <properties>
                <property name="retryIteration" value="0" />
                <property name="repeatIteration" value="0" />
              </properties>
            </test-case>
            <test-case id="1180" name="CanPlace_EmptyCell_ReturnsCorrectColumn(0,1,1)" fullname="AzulTests.StandardBoxRuleTests.CanPlace_EmptyCell_ReturnsCorrectColumn(0,1,1)" methodname="CanPlace_EmptyCell_ReturnsCorrectColumn" classname="AzulTests.StandardBoxRuleTests" runstate="Runnable" seed="1198201802" result="Passed" start-time="2026-04-05 20:42:17Z" end-time="2026-04-05 20:42:17Z" duration="0.000207" asserts="0">
              <properties>
                <property name="retryIteration" value="0" />
                <property name="repeatIteration" value="0" />
              </properties>
            </test-case>
            <test-case id="1181" name="CanPlace_EmptyCell_ReturnsCorrectColumn(0,4,4)" fullname="AzulTests.StandardBoxRuleTests.CanPlace_EmptyCell_ReturnsCorrectColumn(0,4,4)" methodname="CanPlace_EmptyCell_ReturnsCorrectColumn" classname="AzulTests.StandardBoxRuleTests" runstate="Runnable" seed="68273089" result="Passed" start-time="2026-04-05 20:42:17Z" end-time="2026-04-05 20:42:17Z" duration="0.000177" asserts="0">
              <properties>
                <property name="retryIteration" value="0" />
                <property name="repeatIteration" value="0" />
              </properties>
            </test-case>
            <test-case id="1182" name="CanPlace_EmptyCell_ReturnsCorrectColumn(1,0,1)" fullname="AzulTests.StandardBoxRuleTests.CanPlace_EmptyCell_ReturnsCorrectColumn(1,0,1)" methodname="CanPlace_EmptyCell_ReturnsCorrectColumn" classname="AzulTests.StandardBoxRuleTests" runstate="Runnable" seed="1420783332" result="Passed" start-time="2026-04-05 20:42:17Z" end-time="2026-04-05 20:42:17Z" duration="0.000192" asserts="0">
              <properties>
                <property name="retryIteration" value="0" />
                <property name="repeatIteration" value="0" />
              </properties>
            </test-case>
            <test-case id="1183" name="CanPlace_EmptyCell_ReturnsCorrectColumn(1,4,0)" fullname="AzulTests.StandardBoxRuleTests.CanPlace_EmptyCell_ReturnsCorrectColumn(1,4,0)" methodname="CanPlace_EmptyCell_ReturnsCorrectColumn" classname="AzulTests.StandardBoxRuleTests" runstate="Runnable" seed="1996457070" result="Passed" start-time="2026-04-05 20:42:17Z" end-time="2026-04-05 20:42:17Z" duration="0.000175" asserts="0">
              <properties>
                <property name="retryIteration" value="0" />
                <property name="repeatIteration" value="0" />
              </properties>
            </test-case>
            <test-case id="1184" name="CanPlace_EmptyCell_ReturnsCorrectColumn(4,0,4)" fullname="AzulTests.StandardBoxRuleTests.CanPlace_EmptyCell_ReturnsCorrectColumn(4,0,4)" methodname="CanPlace_EmptyCell_ReturnsCorrectColumn" classname="AzulTests.StandardBoxRuleTests" runstate="Runnable" seed="726338989" result="Passed" start-time="2026-04-05 20:42:17Z" end-time="2026-04-05 20:42:17Z" duration="0.000163" asserts="0">
              <properties>
                <property name="retryIteration" value="0" />
                <property name="repeatIteration" value="0" />
              </properties>
            </test-case>
            <test-case id="1185" name="CanPlace_EmptyCell_ReturnsCorrectColumn(4,1,0)" fullname="AzulTests.StandardBoxRuleTests.CanPlace_EmptyCell_ReturnsCorrectColumn(4,1,0)" methodname="CanPlace_EmptyCell_ReturnsCorrectColumn" classname="AzulTests.StandardBoxRuleTests" runstate="Runnable" seed="1338397525" result="Passed" start-time="2026-04-05 20:42:17Z" end-time="2026-04-05 20:42:17Z" duration="0.000162" asserts="0">
              <properties>
                <property name="retryIteration" value="0" />
                <property name="repeatIteration" value="0" />
              </properties>
            </test-case>
            <test-case id="1186" name="CanPlace_EmptyCell_ReturnsCorrectColumn(3,3,1)" fullname="AzulTests.StandardBoxRuleTests.CanPlace_EmptyCell_ReturnsCorrectColumn(3,3,1)" methodname="CanPlace_EmptyCell_ReturnsCorrectColumn" classname="AzulTests.StandardBoxRuleTests" runstate="Runnable" seed="364801091" result="Passed" start-time="2026-04-05 20:42:17Z" end-time="2026-04-05 20:42:17Z" duration="0.000171" asserts="0">
              <properties>
                <property name="retryIteration" value="0" />
                <property name="repeatIteration" value="0" />
              </properties>
            </test-case>
            <test-case id="1187" name="CanPlace_EmptyCell_ReturnsCorrectColumn(2,2,4)" fullname="AzulTests.StandardBoxRuleTests.CanPlace_EmptyCell_ReturnsCorrectColumn(2,2,4)" methodname="CanPlace_EmptyCell_ReturnsCorrectColumn" classname="AzulTests.StandardBoxRuleTests" runstate="Runnable" seed="1752505975" result="Passed" start-time="2026-04-05 20:42:17Z" end-time="2026-04-05 20:42:17Z" duration="0.000168" asserts="0">
              <properties>
                <property name="retryIteration" value="0" />
                <property name="repeatIteration" value="0" />
              </properties>
            </test-case>
          </test-suite>
          <test-case id="1189" name="CanPlace_OccupiedCell_ReturnsFalse" fullname="AzulTests.StandardBoxRuleTests.CanPlace_OccupiedCell_ReturnsFalse" methodname="CanPlace_OccupiedCell_ReturnsFalse" classname="AzulTests.StandardBoxRuleTests" runstate="Runnable" seed="1365919888" result="Passed" start-time="2026-04-05 20:42:17Z" end-time="2026-04-05 20:42:17Z" duration="0.000301" asserts="0">
            <properties>
              <property name="retryIteration" value="0" />
              <property name="repeatIteration" value="0" />
            </properties>
          </test-case>
          <test-case id="1197" name="Constructor_NullBaseOrder_ThrowsArgumentException" fullname="AzulTests.StandardBoxRuleTests.Constructor_NullBaseOrder_ThrowsArgumentException" methodname="Constructor_NullBaseOrder_ThrowsArgumentException" classname="AzulTests.StandardBoxRuleTests" runstate="Runnable" seed="1403920" result="Passed" start-time="2026-04-05 20:42:17Z" end-time="2026-04-05 20:42:17Z" duration="0.001341" asserts="0">
            <properties>
              <property name="retryIteration" value="0" />
              <property name="repeatIteration" value="0" />
            </properties>
          </test-case>
          <test-case id="1198" name="Constructor_WrongLengthBaseOrder_ThrowsArgumentException" fullname="AzulTests.StandardBoxRuleTests.Constructor_WrongLengthBaseOrder_ThrowsArgumentException" methodname="Constructor_WrongLengthBaseOrder_ThrowsArgumentException" classname="AzulTests.StandardBoxRuleTests" runstate="Runnable" seed="1268065083" result="Passed" start-time="2026-04-05 20:42:17Z" end-time="2026-04-05 20:42:17Z" duration="0.000351" asserts="0">
            <properties>
              <property name="retryIteration" value="0" />
              <property name="repeatIteration" value="0" />
            </properties>
          </test-case>
          <test-case id="1196" name="RowHasColor_ColorInDifferentRow_ReturnsFalse" fullname="AzulTests.StandardBoxRuleTests.RowHasColor_ColorInDifferentRow_ReturnsFalse" methodname="RowHasColor_ColorInDifferentRow_ReturnsFalse" classname="AzulTests.StandardBoxRuleTests" runstate="Runnable" seed="1933105118" result="Passed" start-time="2026-04-05 20:42:17Z" end-time="2026-04-05 20:42:17Z" duration="0.000223" asserts="0">
            <properties>
              <property name="retryIteration" value="0" />
              <property name="repeatIteration" value="0" />
            </properties>
          </test-case>
          <test-case id="1195" name="RowHasColor_DifferentColorAtTargetCell_StillReturnsTrue" fullname="AzulTests.StandardBoxRuleTests.RowHasColor_DifferentColorAtTargetCell_StillReturnsTrue" methodname="RowHasColor_DifferentColorAtTargetCell_StillReturnsTrue" classname="AzulTests.StandardBoxRuleTests" runstate="Runnable" seed="708896596" result="Passed" start-time="2026-04-05 20:42:17Z" end-time="2026-04-05 20:42:17Z" duration="0.000230" asserts="0">
            <properties>
              <property name="retryIteration" value="0" />
              <property name="repeatIteration" value="0" />
            </properties>
          </test-case>
          <test-case id="1193" name="RowHasColor_WhenColorNotPlacedInRow_ReturnsFalse" fullname="AzulTests.StandardBoxRuleTests.RowHasColor_WhenColorNotPlacedInRow_ReturnsFalse" methodname="RowHasColor_WhenColorNotPlacedInRow_ReturnsFalse" classname="AzulTests.StandardBoxRuleTests" runstate="Runnable" seed="1994145867" result="Passed" start-time="2026-04-05 20:42:17Z" end-time="2026-04-05 20:42:17Z" duration="0.000251" asserts="0">
            <properties>
              <property name="retryIteration" value="0" />
              <property name="repeatIteration" value="0" />
            </properties>
          </test-case>
          <test-case id="1194" name="RowHasColor_WhenTargetCellOccupied_ReturnsTrue" fullname="AzulTests.StandardBoxRuleTests.RowHasColor_WhenTargetCellOccupied_ReturnsTrue" methodname="RowHasColor_WhenTargetCellOccupied_ReturnsTrue" classname="AzulTests.StandardBoxRuleTests" runstate="Runnable" seed="1189368301" result="Passed" start-time="2026-04-05 20:42:17Z" end-time="2026-04-05 20:42:17Z" duration="0.000240" asserts="0">
            <properties>
              <property name="retryIteration" value="0" />
              <property name="repeatIteration" value="0" />
            </properties>
            <output><![CDATA[Saving results to: C:/Users/balas/AppData/LocalLow/DefaultCompany/Azul\TestResults.xml
]]></output>
          </test-case>
        </test-suite>
      </test-suite>
    </test-suite>
  </test-suite>
</test-run>